#
# There is insufficient memory for the Java Runtime Environment to continue.
# Native memory allocation (mmap) failed to map 168296448 bytes for committing reserved memory.
# Possible reasons:
#   The system is out of physical RAM or swap space
#   In 32 bit mode, the process size limit was hit
# Possible solutions:
#   Reduce memory load on the system
#   Increase physical memory or swap space
#   Check if swap backing store is full
#   Use 64 bit Java on a 64 bit OS
#   Decrease Java heap size (-Xmx/-Xms)
#   Decrease number of Java threads
#   Decrease Java thread stack sizes (-Xss)
#   Set larger code cache with -XX:ReservedCodeCacheSize=
# This output file may be truncated or incomplete.
#
#  Out of Memory Error (os_linux.cpp:2640), pid=4682, tid=0x00007f2545ed8700
#
# JRE version: Java(TM) SE Runtime Environment (8.0_151-b12) (build 1.8.0_151-b12)
# Java VM: Java HotSpot(TM) 64-Bit Server VM (25.151-b12 mixed mode linux-amd64 compressed oops)
# Failed to write core dump. Core dumps have been disabled. To enable core dumping, try "ulimit -c unlimited" before starting Java again
#

---------------  T H R E A D  ---------------

Current thread (0x00007f2540024000):  GCTaskThread [stack: 0x00007f2545dd8000,0x00007f2545ed9000] [id=4688]

Stack: [0x00007f2545dd8000,0x00007f2545ed9000],  sp=0x00007f2545ed7920,  free space=1022k
Native frames: (J=compiled Java code, j=interpreted, Vv=VM code, C=native code)
V  [libjvm.so+0xacb58a]  VMError::report_and_die()+0x2ba
V  [libjvm.so+0x4ff4ab]  report_vm_out_of_memory(char const*, int, unsigned long, VMErrorType, char const*)+0x8b
V  [libjvm.so+0x928113]  os::Linux::commit_memory_impl(char*, unsigned long, bool)+0x103
V  [libjvm.so+0x928669]  os::pd_commit_memory(char*, unsigned long, unsigned long, bool)+0x29
V  [libjvm.so+0x92288a]  os::commit_memory(char*, unsigned long, unsigned long, bool)+0x2a
V  [libjvm.so+0x9973e3]  PSVirtualSpace::expand_by(unsigned long)+0x53
V  [libjvm.so+0x987ca0]  PSOldGen::expand(unsigned long)+0x170
V  [libjvm.so+0x987eea]  PSOldGen::expand_and_cas_allocate(unsigned long)+0x1a
V  [libjvm.so+0x992e80]  oopDesc* PSPromotionManager::copy_to_survivor_space<false>(oopDesc*)+0x690
V  [libjvm.so+0x996116]  StealTask::do_it(GCTaskManager*, unsigned int)+0x2f6
V  [libjvm.so+0x5daecf]  GCTaskThread::run()+0x12f
V  [libjvm.so+0x92a728]  java_start(Thread*)+0x108


---------------  P R O C E S S  ---------------

Java Threads: ( => current thread )
  0x00007f2540366800 JavaThread "AWT-EventQueue-0" [_thread_blocked, id=4716, stack(0x00007f2528070000,0x00007f2528171000)]
  0x00007f2540358800 JavaThread "AWT-Shutdown" [_thread_blocked, id=4715, stack(0x00007f2528171000,0x00007f2528272000)]
  0x00007f2540344000 JavaThread "AWT-XAWT" daemon [_thread_blocked, id=4714, stack(0x00007f2528272000,0x00007f2528373000)]
  0x00007f2540319800 JavaThread "Java2D Disposer" daemon [_thread_blocked, id=4713, stack(0x00007f2528783000,0x00007f2528884000)]
  0x00007f2540216000 JavaThread "Service Thread" daemon [_thread_blocked, id=4711, stack(0x00007f2530308000,0x00007f2530409000)]
  0x00007f2540213800 JavaThread "C1 CompilerThread2" daemon [_thread_blocked, id=4710, stack(0x00007f2530409000,0x00007f253050a000)]
  0x00007f2540211000 JavaThread "C2 CompilerThread1" daemon [_thread_blocked, id=4709, stack(0x00007f2530721000,0x00007f2530822000)]
  0x00007f254020f800 JavaThread "C2 CompilerThread0" daemon [_thread_blocked, id=4708, stack(0x00007f2530822000,0x00007f2530923000)]
  0x00007f25401fb800 JavaThread "Monitor Ctrl-Break" daemon [_thread_in_native, id=4707, stack(0x00007f2530923000,0x00007f2530a24000)]
  0x00007f2540180800 JavaThread "Signal Dispatcher" daemon [_thread_blocked, id=4706, stack(0x00007f2530a24000,0x00007f2530b25000)]
  0x00007f254014c800 JavaThread "Finalizer" daemon [_thread_blocked, id=4699, stack(0x00007f2530dfe000,0x00007f2530eff000)]
  0x00007f2540148000 JavaThread "Reference Handler" daemon [_thread_blocked, id=4698, stack(0x00007f2530eff000,0x00007f2531000000)]
  0x00007f254000b000 JavaThread "main" [_thread_blocked, id=4684, stack(0x00007f254986d000,0x00007f254996e000)]

Other Threads:
  0x00007f2540140000 VMThread [stack: 0x00007f2544095000,0x00007f2544196000] [id=4694]
  0x00007f254021b000 WatcherThread [stack: 0x00007f2530207000,0x00007f2530308000] [id=4712]

=>0x00007f2540024000 (exited) GCTaskThread [stack: 0x00007f2545dd8000,0x00007f2545ed9000] [id=4688]

VM state:at safepoint (normal execution)

VM Mutex/Monitor currently owned by a thread:  ([mutex/lock_event])
[0x00007f25400071f0] ExpandHeap_lock - owner thread: 0x00007f2540024000
[0x00007f2540007870] Threads_lock - owner thread: 0x00007f2540140000
[0x00007f2540007d70] Heap_lock - owner thread: 0x00007f2540366800

Heap:
 PSYoungGen      total 302080K, used 301632K [0x00000000ebe00000, 0x00000000ff080000, 0x0000000100000000)
  eden space 301568K, 100% used [0x00000000ebe00000,0x00000000fe480000,0x00000000fe480000)
  from space 512K, 12% used [0x00000000ff000000,0x00000000ff010000,0x00000000ff080000)
  to   space 5120K, 2% used [0x00000000fe680000,0x00000000fe6a0000,0x00000000feb80000)
 ParOldGen       total 177664K, used 84451K [0x00000000c3a00000, 0x00000000ce780000, 0x00000000ebe00000)
  object space 177664K, 47% used [0x00000000c3a00000,0x00000000c8c78d20,0x00000000ce780000)
 Metaspace       used 13329K, capacity 13532K, committed 13824K, reserved 1060864K
  class space    used 1602K, capacity 1683K, committed 1792K, reserved 1048576K

Card table byte_map: [0x00007f254621d000,0x00007f2546401000] byte_map_base: 0x00007f2545c00000

Marking Bits: (ParMarkBitMap*) 0x00007f2548d3cf80
 Begin Bits: [0x00007f252a1d0000, 0x00007f252b0e8000)
 End Bits:   [0x00007f252b0e8000, 0x00007f252c000000)

Polling page: 0x00007f254998d000

CodeCache: size=245760Kb used=4471Kb max_used=4471Kb free=241288Kb
 bounds [0x00007f2531000000, 0x00007f2531470000, 0x00007f2540000000]
 total_blobs=1761 nmethods=1217 adapters=457
 compilation: enabled

Compilation events (10 events):
Event: 17.984 Thread 0x00007f2540213800 1217   !   3       sun.awt.X11.XKeyboardFocusManagerPeer::getCurrentFocusOwner (16 bytes)
Event: 17.984 Thread 0x00007f2540213800 nmethod 1217 0x00007f2531420290 code [0x00007f2531420400, 0x00007f25314206d0]
Event: 17.984 Thread 0x00007f2540213800 1218       3       sun.awt.X11.XEvent::getPData (5 bytes)
Event: 17.985 Thread 0x00007f2540213800 nmethod 1218 0x00007f2531430610 code [0x00007f2531430760, 0x00007f25314308b0]
Event: 18.076 Thread 0x00007f2540213800 1219       3       java.awt.EventQueue::coalesceMouseEvent (44 bytes)
Event: 18.077 Thread 0x00007f2540213800 nmethod 1219 0x00007f253141fb10 code [0x00007f253141fca0, 0x00007f25314200e8]
Event: 23.426 Thread 0x00007f2540213800 1220       3       sun.awt.X11.XToolkit::nowMillisUTC_offset (146 bytes)
Event: 23.427 Thread 0x00007f2540213800 nmethod 1220 0x00007f253145d910 code [0x00007f253145dc60, 0x00007f253145f4a8]
Event: 23.427 Thread 0x00007f2540213800 1221       3       java.awt.event.MouseEvent::<init> (250 bytes)
Event: 23.429 Thread 0x00007f2540213800 nmethod 1221 0x00007f253145fed0 code [0x00007f25314602e0, 0x00007f25314629d8]

GC Heap History (10 events):
Event: 9.863 GC heap after
Heap after GC invocations=10 (full 1):
 PSYoungGen      total 207872K, used 64K [0x00000000ebe00000, 0x00000000fce00000, 0x0000000100000000)
  eden space 202240K, 0% used [0x00000000ebe00000,0x00000000ebe00000,0x00000000f8380000)
  from space 5632K, 1% used [0x00000000f8380000,0x00000000f8390000,0x00000000f8900000)
  to   space 5120K, 0% used [0x00000000fc900000,0x00000000fc900000,0x00000000fce00000)
 ParOldGen       total 104960K, used 63944K [0x00000000c3a00000, 0x00000000ca080000, 0x00000000ebe00000)
  object space 104960K, 60% used [0x00000000c3a00000,0x00000000c7872198,0x00000000ca080000)
 Metaspace       used 13277K, capacity 13468K, committed 13824K, reserved 1060864K
  class space    used 1602K, capacity 1683K, committed 1792K, reserved 1048576K
}
Event: 11.703 GC heap before
{Heap before GC invocations=11 (full 1):
 PSYoungGen      total 207872K, used 202304K [0x00000000ebe00000, 0x00000000fce00000, 0x0000000100000000)
  eden space 202240K, 100% used [0x00000000ebe00000,0x00000000f8380000,0x00000000f8380000)
  from space 5632K, 1% used [0x00000000f8380000,0x00000000f8390000,0x00000000f8900000)
  to   space 5120K, 0% used [0x00000000fc900000,0x00000000fc900000,0x00000000fce00000)
 ParOldGen       total 104960K, used 63944K [0x00000000c3a00000, 0x00000000ca080000, 0x00000000ebe00000)
  object space 104960K, 60% used [0x00000000c3a00000,0x00000000c7872198,0x00000000ca080000)
 Metaspace       used 13279K, capacity 13468K, committed 13824K, reserved 1060864K
  class space    used 1602K, capacity 1683K, committed 1792K, reserved 1048576K
Event: 11.894 GC heap after
Heap after GC invocations=11 (full 1):
 PSYoungGen      total 273408K, used 64K [0x00000000ebe00000, 0x00000000fd780000, 0x0000000100000000)
  eden space 268288K, 0% used [0x00000000ebe00000,0x00000000ebe00000,0x00000000fc400000)
  from space 5120K, 1% used [0x00000000fc900000,0x00000000fc910000,0x00000000fce00000)
  to   space 5120K, 0% used [0x00000000fc400000,0x00000000fc400000,0x00000000fc900000)
 ParOldGen       total 187392K, used 145872K [0x00000000c3a00000, 0x00000000cf100000, 0x00000000ebe00000)
  object space 187392K, 77% used [0x00000000c3a00000,0x00000000cc8741a8,0x00000000cf100000)
 Metaspace       used 13279K, capacity 13468K, committed 13824K, reserved 1060864K
  class space    used 1602K, capacity 1683K, committed 1792K, reserved 1048576K
}
Event: 11.894 GC heap before
{Heap before GC invocations=12 (full 2):
 PSYoungGen      total 273408K, used 64K [0x00000000ebe00000, 0x00000000fd780000, 0x0000000100000000)
  eden space 268288K, 0% used [0x00000000ebe00000,0x00000000ebe00000,0x00000000fc400000)
  from space 5120K, 1% used [0x00000000fc900000,0x00000000fc910000,0x00000000fce00000)
  to   space 5120K, 0% used [0x00000000fc400000,0x00000000fc400000,0x00000000fc900000)
 ParOldGen       total 187392K, used 145872K [0x00000000c3a00000, 0x00000000cf100000, 0x00000000ebe00000)
  object space 187392K, 77% used [0x00000000c3a00000,0x00000000cc8741a8,0x00000000cf100000)
 Metaspace       used 13279K, capacity 13468K, committed 13824K, reserved 1060864K
  class space    used 1602K, capacity 1683K, committed 1792K, reserved 1048576K
Event: 13.927 GC heap after
Heap after GC invocations=12 (full 2):
 PSYoungGen      total 273408K, used 0K [0x00000000ebe00000, 0x00000000fd780000, 0x0000000100000000)
  eden space 268288K, 0% used [0x00000000ebe00000,0x00000000ebe00000,0x00000000fc400000)
  from space 5120K, 0% used [0x00000000fc900000,0x00000000fc900000,0x00000000fce00000)
  to   space 5120K, 0% used [0x00000000fc400000,0x00000000fc400000,0x00000000fc900000)
 ParOldGen       total 177664K, used 84427K [0x00000000c3a00000, 0x00000000ce780000, 0x00000000ebe00000)
  object space 177664K, 47% used [0x00000000c3a00000,0x00000000c8c72d20,0x00000000ce780000)
 Metaspace       used 13279K, capacity 13468K, committed 13824K, reserved 1060864K
  class space    used 1602K, capacity 1683K, committed 1792K, reserved 1048576K
}
Event: 17.815 GC heap before
{Heap before GC invocations=13 (full 2):
 PSYoungGen      total 273408K, used 268288K [0x00000000ebe00000, 0x00000000fd780000, 0x0000000100000000)
  eden space 268288K, 100% used [0x00000000ebe00000,0x00000000fc400000,0x00000000fc400000)
  from space 5120K, 0% used [0x00000000fc900000,0x00000000fc900000,0x00000000fce00000)
  to   space 5120K, 0% used [0x00000000fc400000,0x00000000fc400000,0x00000000fc900000)
 ParOldGen       total 177664K, used 84427K [0x00000000c3a00000, 0x00000000ce780000, 0x00000000ebe00000)
  object space 177664K, 47% used [0x00000000c3a00000,0x00000000c8c72d20,0x00000000ce780000)
 Metaspace       used 13300K, capacity 13532K, committed 13824K, reserved 1060864K
  class space    used 1602K, capacity 1683K, committed 1792K, reserved 1048576K
Event: 17.843 GC heap after
Heap after GC invocations=13 (full 2):
 PSYoungGen      total 273408K, used 96K [0x00000000ebe00000, 0x00000000ff500000, 0x0000000100000000)
  eden space 268288K, 0% used [0x00000000ebe00000,0x00000000ebe00000,0x00000000fc400000)
  from space 5120K, 1% used [0x00000000fc400000,0x00000000fc418000,0x00000000fc900000)
  to   space 5120K, 0% used [0x00000000ff000000,0x00000000ff000000,0x00000000ff500000)
 ParOldGen       total 177664K, used 84435K [0x00000000c3a00000, 0x00000000ce780000, 0x00000000ebe00000)
  object space 177664K, 47% used [0x00000000c3a00000,0x00000000c8c74d20,0x00000000ce780000)
 Metaspace       used 13300K, capacity 13532K, committed 13824K, reserved 1060864K
  class space    used 1602K, capacity 1683K, committed 1792K, reserved 1048576K
}
Event: 21.787 GC heap before
{Heap before GC invocations=14 (full 2):
 PSYoungGen      total 273408K, used 268384K [0x00000000ebe00000, 0x00000000ff500000, 0x0000000100000000)
  eden space 268288K, 100% used [0x00000000ebe00000,0x00000000fc400000,0x00000000fc400000)
  from space 5120K, 1% used [0x00000000fc400000,0x00000000fc418000,0x00000000fc900000)
  to   space 5120K, 0% used [0x00000000ff000000,0x00000000ff000000,0x00000000ff500000)
 ParOldGen       total 177664K, used 84435K [0x00000000c3a00000, 0x00000000ce780000, 0x00000000ebe00000)
  object space 177664K, 47% used [0x00000000c3a00000,0x00000000c8c74d20,0x00000000ce780000)
 Metaspace       used 13325K, capacity 13532K, committed 13824K, reserved 1060864K
  class space    used 1602K, capacity 1683K, committed 1792K, reserved 1048576K
Event: 21.813 GC heap after
Heap after GC invocations=14 (full 2):
 PSYoungGen      total 302080K, used 64K [0x00000000ebe00000, 0x00000000ff080000, 0x0000000100000000)
  eden space 301568K, 0% used [0x00000000ebe00000,0x00000000ebe00000,0x00000000fe480000)
  from space 512K, 12% used [0x00000000ff000000,0x00000000ff010000,0x00000000ff080000)
  to   space 5120K, 0% used [0x00000000fe680000,0x00000000fe680000,0x00000000feb80000)
 ParOldGen       total 177664K, used 84443K [0x00000000c3a00000, 0x00000000ce780000, 0x00000000ebe00000)
  object space 177664K, 47% used [0x00000000c3a00000,0x00000000c8c76d20,0x00000000ce780000)
 Metaspace       used 13325K, capacity 13532K, committed 13824K, reserved 1060864K
  class space    used 1602K, capacity 1683K, committed 1792K, reserved 1048576K
}
Event: 23.809 GC heap before
{Heap before GC invocations=15 (full 2):
 PSYoungGen      total 302080K, used 301632K [0x00000000ebe00000, 0x00000000ff080000, 0x0000000100000000)
  eden space 301568K, 100% used [0x00000000ebe00000,0x00000000fe480000,0x00000000fe480000)
  from space 512K, 12% used [0x00000000ff000000,0x00000000ff010000,0x00000000ff080000)
  to   space 5120K, 0% used [0x00000000fe680000,0x00000000fe680000,0x00000000feb80000)
 ParOldGen       total 177664K, used 84443K [0x00000000c3a00000, 0x00000000ce780000, 0x00000000ebe00000)
  object space 177664K, 47% used [0x00000000c3a00000,0x00000000c8c76d20,0x00000000ce780000)
 Metaspace       used 13329K, capacity 13532K, committed 13824K, reserved 1060864K
  class space    used 1602K, capacity 1683K, committed 1792K, reserved 1048576K

Deoptimization events (10 events):
Event: 14.884 Thread 0x00007f2540366800 Uncommon trap: reason=unstable_if action=reinterpret pc=0x00007f253137c948 method=javax.swing.plaf.basic.BasicLabelUI.propertyChange(Ljava/beans/PropertyChangeEvent;)V @ 8
Event: 14.884 Thread 0x00007f2540366800 Uncommon trap: reason=unstable_if action=reinterpret pc=0x00007f25313954e8 method=javax.swing.JLabel.setText(Ljava/lang/String;)V @ 95
Event: 14.887 Thread 0x00007f2540366800 Uncommon trap: reason=class_check action=maybe_recompile pc=0x00007f253138b884 method=javax.swing.plaf.basic.BasicLabelUI.getPreferredSize(Ljavax/swing/JComponent;)Ljava/awt/Dimension; @ 1
Event: 14.887 Thread 0x00007f2540366800 Uncommon trap: reason=unstable_if action=reinterpret pc=0x00007f2531378284 method=javax.swing.JComponent.getInsets(Ljava/awt/Insets;)Ljava/awt/Insets; @ 20
Event: 14.887 Thread 0x00007f2540366800 Uncommon trap: reason=class_check action=maybe_recompile pc=0x00007f253138b884 method=javax.swing.plaf.basic.BasicLabelUI.getPreferredSize(Ljavax/swing/JComponent;)Ljava/awt/Dimension; @ 1
Event: 14.887 Thread 0x00007f2540366800 Uncommon trap: reason=class_check action=maybe_recompile pc=0x00007f253138b884 method=javax.swing.plaf.basic.BasicLabelUI.getPreferredSize(Ljavax/swing/JComponent;)Ljava/awt/Dimension; @ 1
Event: 14.887 Thread 0x00007f2540366800 Uncommon trap: reason=class_check action=maybe_recompile pc=0x00007f253138b884 method=javax.swing.plaf.basic.BasicLabelUI.getPreferredSize(Ljavax/swing/JComponent;)Ljava/awt/Dimension; @ 1
Event: 14.887 Thread 0x00007f2540366800 Uncommon trap: reason=class_check action=maybe_recompile pc=0x00007f25313d2cd4 method=javax.swing.plaf.basic.BasicComboBoxRenderer.getListCellRendererComponent(Ljavax/swing/JList;Ljava/lang/Object;IZZ)Ljava/awt/Component; @ 77
Event: 14.888 Thread 0x00007f2540366800 Uncommon trap: reason=unstable_if action=reinterpret pc=0x00007f25313b8dd8 method=java.awt.Container.remove(I)V @ 51
Event: 14.888 Thread 0x00007f2540366800 Uncommon trap: reason=class_check action=maybe_recompile pc=0x00007f25313d2cd4 method=javax.swing.plaf.basic.BasicComboBoxRenderer.getListCellRendererComponent(Ljavax/swing/JList;Ljava/lang/Object;IZZ)Ljava/awt/Component; @ 77

Internal exceptions (10 events):
Event: 0.222 Thread 0x00007f254000b000 Exception <a 'java/security/PrivilegedActionException'> (0x00000000ec0c4f90) thrown at [/HUDSON/workspace/8-2-build-linux-amd64/jdk8u151/9699/hotspot/src/share/vm/prims/jvm.cpp, line 1390]
Event: 0.223 Thread 0x00007f254000b000 Exception <a 'java/security/PrivilegedActionException'> (0x00000000ec0c73f8) thrown at [/HUDSON/workspace/8-2-build-linux-amd64/jdk8u151/9699/hotspot/src/share/vm/prims/jvm.cpp, line 1390]
Event: 0.223 Thread 0x00007f254000b000 Exception <a 'java/security/PrivilegedActionException'> (0x00000000ec0c7608) thrown at [/HUDSON/workspace/8-2-build-linux-amd64/jdk8u151/9699/hotspot/src/share/vm/prims/jvm.cpp, line 1390]
Event: 0.292 Thread 0x00007f254000b000 Exception <a 'java/lang/NoSuchFieldError': method resolution failed> (0x00000000ec1f8108) thrown at [/HUDSON/workspace/8-2-build-linux-amd64/jdk8u151/9699/hotspot/src/share/vm/prims/methodHandles.cpp, line 1146]
Event: 0.298 Thread 0x00007f254000b000 Exception <a 'java/lang/NoSuchFieldError': method resolution failed> (0x00000000ec206380) thrown at [/HUDSON/workspace/8-2-build-linux-amd64/jdk8u151/9699/hotspot/src/share/vm/prims/methodHandles.cpp, line 1146]
Event: 0.337 Thread 0x00007f254000b000 Exception <a 'java/io/FileNotFoundException'> (0x00000000ec2aa380) thrown at [/HUDSON/workspace/8-2-build-linux-amd64/jdk8u151/9699/hotspot/src/share/vm/prims/jni.cpp, line 709]
Event: 0.338 Thread 0x00007f254000b000 Exception <a 'java/io/FileNotFoundException'> (0x00000000ec2aad20) thrown at [/HUDSON/workspace/8-2-build-linux-amd64/jdk8u151/9699/hotspot/src/share/vm/prims/jni.cpp, line 709]
Event: 0.807 Thread 0x00007f254000b000 Implicit null exception at 0x00007f2531226f75 to 0x00007f2531227329
Event: 0.808 Thread 0x00007f254000b000 Implicit null exception at 0x00007f2531223636 to 0x00007f25312239e5
Event: 14.887 Thread 0x00007f2540366800 Implicit null exception at 0x00007f25313781f4 to 0x00007f2531378271

Events (10 events):
Event: 14.888 Thread 0x00007f2540366800 Uncommon trap: trap_request=0xffffffde fr.pc=0x00007f25313d2cd4
Event: 14.888 Thread 0x00007f2540366800 DEOPT PACKING pc=0x00007f25313d2cd4 sp=0x00007f252816beb0
Event: 14.888 Thread 0x00007f2540366800 DEOPT UNPACKING pc=0x00007f2531005229 sp=0x00007f252816be90 mode 2
Event: 15.756 Thread 0x00007f2540366800 DEOPT PACKING pc=0x00007f25313e0761 sp=0x00007f252816c2e0
Event: 15.756 Thread 0x00007f2540366800 DEOPT UNPACKING pc=0x00007f2531047633 sp=0x00007f252816c0e0 mode 0
Event: 17.815 Executing VM operation: ParallelGCFailedAllocation
Event: 17.843 Executing VM operation: ParallelGCFailedAllocation done
Event: 21.786 Executing VM operation: ParallelGCFailedAllocation
Event: 21.813 Executing VM operation: ParallelGCFailedAllocation done
Event: 23.808 Executing VM operation: ParallelGCFailedAllocation


Dynamic libraries:
00400000-00401000 r-xp 00000000 08:01 664718                             /usr/lib/jvm/java-8-oracle/bin/java
00600000-00601000 rw-p 00000000 08:01 664718                             /usr/lib/jvm/java-8-oracle/bin/java
0130b000-0132c000 rw-p 00000000 00:00 0                                  [heap]
c3a00000-ce780000 rw-p 00000000 00:00 0 
d8800000-ebe00000 ---p 00000000 00:00 0 
ebe00000-ff080000 rw-p 00000000 00:00 0 
ff080000-100000000 ---p 00000000 00:00 0 
100000000-1001c0000 rw-p 00000000 00:00 0 
1001c0000-140000000 ---p 00000000 00:00 0 
7f24dc000000-7f24dc021000 rw-p 00000000 00:00 0 
7f24dc021000-7f24e0000000 ---p 00000000 00:00 0 
7f24e4000000-7f24e4295000 rw-p 00000000 00:00 0 
7f24e4295000-7f24e8000000 ---p 00000000 00:00 0 
7f24e8000000-7f24e8021000 rw-p 00000000 00:00 0 
7f24e8021000-7f24ec000000 ---p 00000000 00:00 0 
7f24ec000000-7f24ec021000 rw-p 00000000 00:00 0 
7f24ec021000-7f24f0000000 ---p 00000000 00:00 0 
7f24f0000000-7f24f0021000 rw-p 00000000 00:00 0 
7f24f0021000-7f24f4000000 ---p 00000000 00:00 0 
7f24f4000000-7f24f42d3000 rw-p 00000000 00:00 0 
7f24f42d3000-7f24f8000000 ---p 00000000 00:00 0 
7f24f8000000-7f24f8021000 rw-p 00000000 00:00 0 
7f24f8021000-7f24fc000000 ---p 00000000 00:00 0 
7f24fc000000-7f24fc50e000 rw-p 00000000 00:00 0 
7f24fc50e000-7f2500000000 ---p 00000000 00:00 0 
7f250076e000-7f25007d7000 r-xp 00000000 08:01 1057311                    /usr/lib/jvm/java-8-oracle/jre/lib/amd64/libt2k.so
7f25007d7000-7f25009d7000 ---p 00069000 08:01 1057311                    /usr/lib/jvm/java-8-oracle/jre/lib/amd64/libt2k.so
7f25009d7000-7f25009de000 rw-p 00069000 08:01 1057311                    /usr/lib/jvm/java-8-oracle/jre/lib/amd64/libt2k.so
7f25009de000-7f25009ee000 rw-p 00000000 00:00 0 
7f25009ee000-7f25009ff000 r-xp 00000000 08:01 1057351                    /usr/lib/jvm/java-8-oracle/jre/lib/amd64/libnio.so
7f25009ff000-7f2500bfe000 ---p 00011000 08:01 1057351                    /usr/lib/jvm/java-8-oracle/jre/lib/amd64/libnio.so
7f2500bfe000-7f2500bff000 rw-p 00010000 08:01 1057351                    /usr/lib/jvm/java-8-oracle/jre/lib/amd64/libnio.so
7f2500bff000-7f2500dbf000 rw-p 00000000 00:00 0 
7f2500dbf000-7f2500dff000 ---p 00000000 00:00 0 
7f2500dff000-7f2500fff000 rw-p 00000000 00:00 0 
7f2500fff000-7f2504000000 rw-p 00000000 00:00 0 
7f2504000000-7f2504021000 rw-p 00000000 00:00 0 
7f2504021000-7f2508000000 ---p 00000000 00:00 0 
7f2508000000-7f25084bd000 rw-p 00000000 00:00 0 
7f25084bd000-7f250c000000 ---p 00000000 00:00 0 
7f250c000000-7f250c021000 rw-p 00000000 00:00 0 
7f250c021000-7f2510000000 ---p 00000000 00:00 0 
7f2510000000-7f2510021000 rw-p 00000000 00:00 0 
7f2510021000-7f2514000000 ---p 00000000 00:00 0 
7f2514000000-7f2514021000 rw-p 00000000 00:00 0 
7f2514021000-7f2518000000 ---p 00000000 00:00 0 
7f2518000000-7f2518021000 rw-p 00000000 00:00 0 
7f2518021000-7f251c000000 ---p 00000000 00:00 0 
7f251c000000-7f251c298000 rw-p 00000000 00:00 0 
7f251c298000-7f2520000000 ---p 00000000 00:00 0 
7f2520000000-7f2520021000 rw-p 00000000 00:00 0 
7f2520021000-7f2524000000 ---p 00000000 00:00 0 
7f2524000000-7f2524021000 rw-p 00000000 00:00 0 
7f2524021000-7f2528000000 ---p 00000000 00:00 0 
7f2528070000-7f2528073000 ---p 00000000 00:00 0 
7f2528073000-7f2528171000 rw-p 00000000 00:00 0 
7f2528171000-7f2528174000 ---p 00000000 00:00 0 
7f2528174000-7f2528272000 rw-p 00000000 00:00 0 
7f2528272000-7f2528275000 ---p 00000000 00:00 0 
7f2528275000-7f2528373000 rw-p 00000000 00:00 0 
7f2528373000-7f2528378000 r-xp 00000000 08:01 534084                     /usr/lib/x86_64-linux-gnu/libXfixes.so.3.1.0
7f2528378000-7f2528577000 ---p 00005000 08:01 534084                     /usr/lib/x86_64-linux-gnu/libXfixes.so.3.1.0
7f2528577000-7f2528578000 r--p 00004000 08:01 534084                     /usr/lib/x86_64-linux-gnu/libXfixes.so.3.1.0
7f2528578000-7f2528579000 rw-p 00005000 08:01 534084                     /usr/lib/x86_64-linux-gnu/libXfixes.so.3.1.0
7f2528579000-7f2528582000 r-xp 00000000 08:01 534076                     /usr/lib/x86_64-linux-gnu/libXcursor.so.1.0.2
7f2528582000-7f2528781000 ---p 00009000 08:01 534076                     /usr/lib/x86_64-linux-gnu/libXcursor.so.1.0.2
7f2528781000-7f2528782000 r--p 00008000 08:01 534076                     /usr/lib/x86_64-linux-gnu/libXcursor.so.1.0.2
7f2528782000-7f2528783000 rw-p 00009000 08:01 534076                     /usr/lib/x86_64-linux-gnu/libXcursor.so.1.0.2
7f2528783000-7f2528786000 ---p 00000000 00:00 0 
7f2528786000-7f2528884000 rw-p 00000000 00:00 0 
7f2528884000-7f252889a000 r-xp 00000000 08:01 2626114                    /lib/x86_64-linux-gnu/libgcc_s.so.1
7f252889a000-7f2528a99000 ---p 00016000 08:01 2626114                    /lib/x86_64-linux-gnu/libgcc_s.so.1
7f2528a99000-7f2528a9a000 rw-p 00015000 08:01 2626114                    /lib/x86_64-linux-gnu/libgcc_s.so.1
7f2528a9a000-7f2528aff000 r-xp 00000000 08:01 1057329                    /usr/lib/jvm/java-8-oracle/jre/lib/amd64/libfontmanager.so
7f2528aff000-7f2528cfe000 ---p 00065000 08:01 1057329                    /usr/lib/jvm/java-8-oracle/jre/lib/amd64/libfontmanager.so
7f2528cfe000-7f2528d03000 rw-p 00064000 08:01 1057329                    /usr/lib/jvm/java-8-oracle/jre/lib/amd64/libfontmanager.so
7f2528d03000-7f2528d13000 rw-p 00000000 00:00 0 
7f2528d13000-7f2528d18000 r-xp 00000000 08:01 534080                     /usr/lib/x86_64-linux-gnu/libXdmcp.so.6.0.0
7f2528d18000-7f2528f17000 ---p 00005000 08:01 534080                     /usr/lib/x86_64-linux-gnu/libXdmcp.so.6.0.0
7f2528f17000-7f2528f18000 r--p 00004000 08:01 534080                     /usr/lib/x86_64-linux-gnu/libXdmcp.so.6.0.0
7f2528f18000-7f2528f19000 rw-p 00005000 08:01 534080                     /usr/lib/x86_64-linux-gnu/libXdmcp.so.6.0.0
7f2528f19000-7f2528f1b000 r-xp 00000000 08:01 534069                     /usr/lib/x86_64-linux-gnu/libXau.so.6.0.0
7f2528f1b000-7f252911b000 ---p 00002000 08:01 534069                     /usr/lib/x86_64-linux-gnu/libXau.so.6.0.0
7f252911b000-7f252911c000 r--p 00002000 08:01 534069                     /usr/lib/x86_64-linux-gnu/libXau.so.6.0.0
7f252911c000-7f252911d000 rw-p 00003000 08:01 534069                     /usr/lib/x86_64-linux-gnu/libXau.so.6.0.0
7f252911d000-7f252913e000 r-xp 00000000 08:01 535532                     /usr/lib/x86_64-linux-gnu/libxcb.so.1.1.0
7f252913e000-7f252933d000 ---p 00021000 08:01 535532                     /usr/lib/x86_64-linux-gnu/libxcb.so.1.1.0
7f252933d000-7f252933e000 r--p 00020000 08:01 535532                     /usr/lib/x86_64-linux-gnu/libxcb.so.1.1.0
7f252933e000-7f252933f000 rw-p 00021000 08:01 535532                     /usr/lib/x86_64-linux-gnu/libxcb.so.1.1.0
7f252933f000-7f252934e000 r-xp 00000000 08:01 534090                     /usr/lib/x86_64-linux-gnu/libXi.so.6.1.0
7f252934e000-7f252954d000 ---p 0000f000 08:01 534090                     /usr/lib/x86_64-linux-gnu/libXi.so.6.1.0
7f252954d000-7f252954e000 r--p 0000e000 08:01 534090                     /usr/lib/x86_64-linux-gnu/libXi.so.6.1.0
7f252954e000-7f252954f000 rw-p 0000f000 08:01 534090                     /usr/lib/x86_64-linux-gnu/libXi.so.6.1.0
7f252954f000-7f2529558000 r-xp 00000000 08:01 534102                     /usr/lib/x86_64-linux-gnu/libXrender.so.1.3.0
7f2529558000-7f2529757000 ---p 00009000 08:01 534102                     /usr/lib/x86_64-linux-gnu/libXrender.so.1.3.0
7f2529757000-7f2529758000 r--p 00008000 08:01 534102                     /usr/lib/x86_64-linux-gnu/libXrender.so.1.3.0
7f2529758000-7f2529759000 rw-p 00009000 08:01 534102                     /usr/lib/x86_64-linux-gnu/libXrender.so.1.3.0
7f2529759000-7f252988e000 r-xp 00000000 08:01 534065                     /usr/lib/x86_64-linux-gnu/libX11.so.6.3.0
7f252988e000-7f2529a8e000 ---p 00135000 08:01 534065                     /usr/lib/x86_64-linux-gnu/libX11.so.6.3.0
7f2529a8e000-7f2529a8f000 r--p 00135000 08:01 534065                     /usr/lib/x86_64-linux-gnu/libX11.so.6.3.0
7f2529a8f000-7f2529a93000 rw-p 00136000 08:01 534065                     /usr/lib/x86_64-linux-gnu/libX11.so.6.3.0
7f2529a93000-7f2529aa4000 r-xp 00000000 08:01 534082                     /usr/lib/x86_64-linux-gnu/libXext.so.6.4.0
7f2529aa4000-7f2529ca3000 ---p 00011000 08:01 534082                     /usr/lib/x86_64-linux-gnu/libXext.so.6.4.0
7f2529ca3000-7f2529ca4000 r--p 00010000 08:01 534082                     /usr/lib/x86_64-linux-gnu/libXext.so.6.4.0
7f2529ca4000-7f2529ca5000 rw-p 00011000 08:01 534082                     /usr/lib/x86_64-linux-gnu/libXext.so.6.4.0
7f2529ca5000-7f2529cf9000 r-xp 00000000 08:01 1057355                    /usr/lib/jvm/java-8-oracle/jre/lib/amd64/libawt_xawt.so
7f2529cf9000-7f2529ef9000 ---p 00054000 08:01 1057355                    /usr/lib/jvm/java-8-oracle/jre/lib/amd64/libawt_xawt.so
7f2529ef9000-7f2529efd000 rw-p 00054000 08:01 1057355                    /usr/lib/jvm/java-8-oracle/jre/lib/amd64/libawt_xawt.so
7f2529efd000-7f2529efe000 rw-p 00000000 00:00 0 
7f2529efe000-7f2529fa0000 r-xp 00000000 08:01 1057341                    /usr/lib/jvm/java-8-oracle/jre/lib/amd64/libawt.so
7f2529fa0000-7f252a1a0000 ---p 000a2000 08:01 1057341                    /usr/lib/jvm/java-8-oracle/jre/lib/amd64/libawt.so
7f252a1a0000-7f252a1ac000 rw-p 000a2000 08:01 1057341                    /usr/lib/jvm/java-8-oracle/jre/lib/amd64/libawt.so
7f252a1ac000-7f252c000000 rw-p 00000000 00:00 0 
7f252c000000-7f252c021000 rw-p 00000000 00:00 0 
7f252c021000-7f2530000000 ---p 00000000 00:00 0 
7f2530001000-7f2530006000 r-xp 00000000 08:01 534108                     /usr/lib/x86_64-linux-gnu/libXtst.so.6.1.0
7f2530006000-7f2530205000 ---p 00005000 08:01 534108                     /usr/lib/x86_64-linux-gnu/libXtst.so.6.1.0
7f2530205000-7f2530206000 r--p 00004000 08:01 534108                     /usr/lib/x86_64-linux-gnu/libXtst.so.6.1.0
7f2530206000-7f2530207000 rw-p 00005000 08:01 534108                     /usr/lib/x86_64-linux-gnu/libXtst.so.6.1.0
7f2530207000-7f2530208000 ---p 00000000 00:00 0 
7f2530208000-7f2530308000 rw-p 00000000 00:00 0 
7f2530308000-7f253030b000 ---p 00000000 00:00 0 
7f253030b000-7f2530409000 rw-p 00000000 00:00 0 
7f2530409000-7f253040c000 ---p 00000000 00:00 0 
7f253040c000-7f253050a000 rw-p 00000000 00:00 0 
7f253050a000-7f2530521000 r-xp 00000000 08:01 1057348                    /usr/lib/jvm/java-8-oracle/jre/lib/amd64/libnet.so
7f2530521000-7f2530720000 ---p 00017000 08:01 1057348                    /usr/lib/jvm/java-8-oracle/jre/lib/amd64/libnet.so
7f2530720000-7f2530721000 rw-p 00016000 08:01 1057348                    /usr/lib/jvm/java-8-oracle/jre/lib/amd64/libnet.so
7f2530721000-7f2530724000 ---p 00000000 00:00 0 
7f2530724000-7f2530822000 rw-p 00000000 00:00 0 
7f2530822000-7f2530825000 ---p 00000000 00:00 0 
7f2530825000-7f2530923000 rw-p 00000000 00:00 0 
7f2530923000-7f2530926000 ---p 00000000 00:00 0 
7f2530926000-7f2530a24000 rw-p 00000000 00:00 0 
7f2530a24000-7f2530a27000 ---p 00000000 00:00 0 
7f2530a27000-7f2530b25000 rw-p 00000000 00:00 0 
7f2530b25000-7f2530dfe000 r--p 00000000 08:01 532589                     /usr/lib/locale/locale-archive
7f2530dfe000-7f2530e01000 ---p 00000000 00:00 0 
7f2530e01000-7f2530eff000 rw-p 00000000 00:00 0 
7f2530eff000-7f2530f02000 ---p 00000000 00:00 0 
7f2530f02000-7f2531000000 rw-p 00000000 00:00 0 
7f2531000000-7f2531470000 rwxp 00000000 00:00 0 
7f2531470000-7f2540000000 ---p 00000000 00:00 0 
7f2540000000-7f2540449000 rw-p 00000000 00:00 0 
7f2540449000-7f2544000000 ---p 00000000 00:00 0 
7f254404d000-7f254404f000 r--s 0001a000 08:01 266428                     /opt/idea-IC-172.4343.14/lib/idea_rt.jar
7f254404f000-7f254405b000 r--s 00085000 08:01 1854462                    /home/pwnz/IdeaProjects/SoftwareCompanyMySqlProject/ibatis-3-core-3.0.0.242.jar
7f254405b000-7f2544065000 r--s 000eb000 08:01 275216                     /home/pwnz/IdeaProjects/MySqlApp/mysql-connector-java-5.1.44-bin.jar
7f2544065000-7f2544078000 r--s 00345000 08:01 918448                     /usr/lib/jvm/java-8-oracle/jre/lib/resources.jar
7f2544078000-7f254408b000 r--s 000d6000 08:01 918429                     /usr/lib/jvm/java-8-oracle/jre/lib/plugin.jar
7f254408b000-7f2544090000 r--s 0009a000 08:01 918449                     /usr/lib/jvm/java-8-oracle/jre/lib/jsse.jar
7f2544090000-7f2544095000 r--s 00084000 08:01 918415                     /usr/lib/jvm/java-8-oracle/jre/lib/jfr.jar
7f2544095000-7f2544096000 ---p 00000000 00:00 0 
7f2544096000-7f25450a5000 rw-p 00000000 00:00 0 
7f25450a5000-7f254527e000 r--s 03d5a000 08:01 918444                     /usr/lib/jvm/java-8-oracle/jre/lib/rt.jar
7f254527e000-7f2545cd7000 rw-p 00000000 00:00 0 
7f2545cd7000-7f2545cd8000 ---p 00000000 00:00 0 
7f2545cd8000-7f2545dd8000 rw-p 00000000 00:00 0 
7f2545dd8000-7f2545dd9000 ---p 00000000 00:00 0 
7f2545dd9000-7f2545ed9000 rw-p 00000000 00:00 0 
7f2545ed9000-7f2545eda000 ---p 00000000 00:00 0 
7f2545eda000-7f2545fda000 rw-p 00000000 00:00 0 
7f2545fda000-7f2545fdb000 ---p 00000000 00:00 0 
7f2545fdb000-7f2546132000 rw-p 00000000 00:00 0 
7f2546132000-7f254621d000 ---p 00000000 00:00 0 
7f254621d000-7f2546274000 rw-p 00000000 00:00 0 
7f2546274000-7f254635f000 ---p 00000000 00:00 0 
7f254635f000-7f25463f9000 rw-p 00000000 00:00 0 
7f25463f9000-7f2546400000 ---p 00000000 00:00 0 
7f2546400000-7f2546413000 rw-p 00000000 00:00 0 
7f2546413000-7f25467c1000 ---p 00000000 00:00 0 
7f25467c1000-7f25467dc000 r-xp 00000000 08:01 1057344                    /usr/lib/jvm/java-8-oracle/jre/lib/amd64/libzip.so
7f25467dc000-7f25469dc000 ---p 0001b000 08:01 1057344                    /usr/lib/jvm/java-8-oracle/jre/lib/amd64/libzip.so
7f25469dc000-7f25469dd000 rw-p 0001b000 08:01 1057344                    /usr/lib/jvm/java-8-oracle/jre/lib/amd64/libzip.so
7f25469dd000-7f25469e8000 r-xp 00000000 08:01 2628735                    /lib/x86_64-linux-gnu/libnss_files-2.23.so
7f25469e8000-7f2546be7000 ---p 0000b000 08:01 2628735                    /lib/x86_64-linux-gnu/libnss_files-2.23.so
7f2546be7000-7f2546be8000 r--p 0000a000 08:01 2628735                    /lib/x86_64-linux-gnu/libnss_files-2.23.so
7f2546be8000-7f2546be9000 rw-p 0000b000 08:01 2628735                    /lib/x86_64-linux-gnu/libnss_files-2.23.so
7f2546be9000-7f2546bef000 rw-p 00000000 00:00 0 
7f2546bef000-7f2546bfa000 r-xp 00000000 08:01 2628738                    /lib/x86_64-linux-gnu/libnss_nis-2.23.so
7f2546bfa000-7f2546df9000 ---p 0000b000 08:01 2628738                    /lib/x86_64-linux-gnu/libnss_nis-2.23.so
7f2546df9000-7f2546dfa000 r--p 0000a000 08:01 2628738                    /lib/x86_64-linux-gnu/libnss_nis-2.23.so
7f2546dfa000-7f2546dfb000 rw-p 0000b000 08:01 2628738                    /lib/x86_64-linux-gnu/libnss_nis-2.23.so
7f2546dfb000-7f2546e11000 r-xp 00000000 08:01 2621455                    /lib/x86_64-linux-gnu/libnsl-2.23.so
7f2546e11000-7f2547010000 ---p 00016000 08:01 2621455                    /lib/x86_64-linux-gnu/libnsl-2.23.so
7f2547010000-7f2547011000 r--p 00015000 08:01 2621455                    /lib/x86_64-linux-gnu/libnsl-2.23.so
7f2547011000-7f2547012000 rw-p 00016000 08:01 2621455                    /lib/x86_64-linux-gnu/libnsl-2.23.so
7f2547012000-7f2547014000 rw-p 00000000 00:00 0 
7f2547014000-7f254701c000 r-xp 00000000 08:01 2628744                    /lib/x86_64-linux-gnu/libnss_compat-2.23.so
7f254701c000-7f254721b000 ---p 00008000 08:01 2628744                    /lib/x86_64-linux-gnu/libnss_compat-2.23.so
7f254721b000-7f254721c000 r--p 00007000 08:01 2628744                    /lib/x86_64-linux-gnu/libnss_compat-2.23.so
7f254721c000-7f254721d000 rw-p 00008000 08:01 2628744                    /lib/x86_64-linux-gnu/libnss_compat-2.23.so
7f254721d000-7f2547227000 r-xp 00000000 08:01 1057353                    /usr/lib/jvm/java-8-oracle/jre/lib/amd64/libinstrument.so
7f2547227000-7f2547426000 ---p 0000a000 08:01 1057353                    /usr/lib/jvm/java-8-oracle/jre/lib/amd64/libinstrument.so
7f2547426000-7f2547427000 rw-p 00009000 08:01 1057353                    /usr/lib/jvm/java-8-oracle/jre/lib/amd64/libinstrument.so
7f2547427000-7f2547452000 r-xp 00000000 08:01 1057338                    /usr/lib/jvm/java-8-oracle/jre/lib/amd64/libjava.so
7f2547452000-7f2547651000 ---p 0002b000 08:01 1057338                    /usr/lib/jvm/java-8-oracle/jre/lib/amd64/libjava.so
7f2547651000-7f2547653000 rw-p 0002a000 08:01 1057338                    /usr/lib/jvm/java-8-oracle/jre/lib/amd64/libjava.so
7f2547653000-7f2547660000 r-xp 00000000 08:01 1057343                    /usr/lib/jvm/java-8-oracle/jre/lib/amd64/libverify.so
7f2547660000-7f2547860000 ---p 0000d000 08:01 1057343                    /usr/lib/jvm/java-8-oracle/jre/lib/amd64/libverify.so
7f2547860000-7f2547862000 rw-p 0000d000 08:01 1057343                    /usr/lib/jvm/java-8-oracle/jre/lib/amd64/libverify.so
7f2547862000-7f2547869000 r-xp 00000000 08:01 2628740                    /lib/x86_64-linux-gnu/librt-2.23.so
7f2547869000-7f2547a68000 ---p 00007000 08:01 2628740                    /lib/x86_64-linux-gnu/librt-2.23.so
7f2547a68000-7f2547a69000 r--p 00006000 08:01 2628740                    /lib/x86_64-linux-gnu/librt-2.23.so
7f2547a69000-7f2547a6a000 rw-p 00007000 08:01 2628740                    /lib/x86_64-linux-gnu/librt-2.23.so
7f2547a6a000-7f2547b72000 r-xp 00000000 08:01 2628749                    /lib/x86_64-linux-gnu/libm-2.23.so
7f2547b72000-7f2547d71000 ---p 00108000 08:01 2628749                    /lib/x86_64-linux-gnu/libm-2.23.so
7f2547d71000-7f2547d72000 r--p 00107000 08:01 2628749                    /lib/x86_64-linux-gnu/libm-2.23.so
7f2547d72000-7f2547d73000 rw-p 00108000 08:01 2628749                    /lib/x86_64-linux-gnu/libm-2.23.so
7f2547d73000-7f2548a46000 r-xp 00000000 08:01 1057321                    /usr/lib/jvm/java-8-oracle/jre/lib/amd64/server/libjvm.so
7f2548a46000-7f2548c45000 ---p 00cd3000 08:01 1057321                    /usr/lib/jvm/java-8-oracle/jre/lib/amd64/server/libjvm.so
7f2548c45000-7f2548d1f000 rw-p 00cd2000 08:01 1057321                    /usr/lib/jvm/java-8-oracle/jre/lib/amd64/server/libjvm.so
7f2548d1f000-7f2548d6a000 rw-p 00000000 00:00 0 
7f2548d6a000-7f2548f2a000 r-xp 00000000 08:01 2628754                    /lib/x86_64-linux-gnu/libc-2.23.so
7f2548f2a000-7f254912a000 ---p 001c0000 08:01 2628754                    /lib/x86_64-linux-gnu/libc-2.23.so
7f254912a000-7f254912e000 r--p 001c0000 08:01 2628754                    /lib/x86_64-linux-gnu/libc-2.23.so
7f254912e000-7f2549130000 rw-p 001c4000 08:01 2628754                    /lib/x86_64-linux-gnu/libc-2.23.so
7f2549130000-7f2549134000 rw-p 00000000 00:00 0 
7f2549134000-7f2549137000 r-xp 00000000 08:01 2628743                    /lib/x86_64-linux-gnu/libdl-2.23.so
7f2549137000-7f2549336000 ---p 00003000 08:01 2628743                    /lib/x86_64-linux-gnu/libdl-2.23.so
7f2549336000-7f2549337000 r--p 00002000 08:01 2628743                    /lib/x86_64-linux-gnu/libdl-2.23.so
7f2549337000-7f2549338000 rw-p 00003000 08:01 2628743                    /lib/x86_64-linux-gnu/libdl-2.23.so
7f2549338000-7f254934e000 r-xp 00000000 08:01 792851                     /usr/lib/jvm/java-8-oracle/lib/amd64/jli/libjli.so
7f254934e000-7f254954d000 ---p 00016000 08:01 792851                     /usr/lib/jvm/java-8-oracle/lib/amd64/jli/libjli.so
7f254954d000-7f254954e000 rw-p 00015000 08:01 792851                     /usr/lib/jvm/java-8-oracle/lib/amd64/jli/libjli.so
7f254954e000-7f2549566000 r-xp 00000000 08:01 2628737                    /lib/x86_64-linux-gnu/libpthread-2.23.so
7f2549566000-7f2549765000 ---p 00018000 08:01 2628737                    /lib/x86_64-linux-gnu/libpthread-2.23.so
7f2549765000-7f2549766000 r--p 00017000 08:01 2628737                    /lib/x86_64-linux-gnu/libpthread-2.23.so
7f2549766000-7f2549767000 rw-p 00018000 08:01 2628737                    /lib/x86_64-linux-gnu/libpthread-2.23.so
7f2549767000-7f254976b000 rw-p 00000000 00:00 0 
7f254976b000-7f2549791000 r-xp 00000000 08:01 2628732                    /lib/x86_64-linux-gnu/ld-2.23.so
7f2549792000-7f2549793000 r--s 00000000 08:01 918422                     /usr/lib/jvm/java-8-oracle/jre/lib/management-agent.jar
7f2549793000-7f2549795000 r--s 00007000 08:01 918457                     /usr/lib/jvm/java-8-oracle/jre/lib/jfxswt.jar
7f2549795000-7f25497b0000 r--s 0020b000 08:01 918416                     /usr/lib/jvm/java-8-oracle/jre/lib/deploy.jar
7f25497b0000-7f254986d000 rw-p 00000000 00:00 0 
7f254986d000-7f2549870000 ---p 00000000 00:00 0 
7f2549870000-7f2549972000 rw-p 00000000 00:00 0 
7f2549972000-7f2549975000 r--s 0001a000 08:01 918455                     /usr/lib/jvm/java-8-oracle/jre/lib/jce.jar
7f2549975000-7f254997f000 r--s 0006c000 08:01 918425                     /usr/lib/jvm/java-8-oracle/jre/lib/javaws.jar
7f254997f000-7f2549984000 r--s 002f9000 08:01 918442                     /usr/lib/jvm/java-8-oracle/jre/lib/charsets.jar
7f2549984000-7f254998c000 rw-s 00000000 08:01 2249545                    /tmp/hsperfdata_pwnz/4682
7f254998c000-7f254998d000 rw-p 00000000 00:00 0 
7f254998d000-7f254998e000 ---p 00000000 00:00 0 
7f254998e000-7f2549990000 rw-p 00000000 00:00 0 
7f2549990000-7f2549991000 r--p 00025000 08:01 2628732                    /lib/x86_64-linux-gnu/ld-2.23.so
7f2549991000-7f2549992000 rw-p 00026000 08:01 2628732                    /lib/x86_64-linux-gnu/ld-2.23.so
7f2549992000-7f2549993000 rw-p 00000000 00:00 0 
7ffecbe4d000-7ffecbe6e000 rw-p 00000000 00:00 0                          [stack]
7ffecbf79000-7ffecbf7b000 r--p 00000000 00:00 0                          [vvar]
7ffecbf7b000-7ffecbf7d000 r-xp 00000000 00:00 0                          [vdso]
ffffffffff600000-ffffffffff601000 r-xp 00000000 00:00 0                  [vsyscall]

VM Arguments:
jvm_args: -javaagent:/opt/idea-IC-172.4343.14/lib/idea_rt.jar=45719:/opt/idea-IC-172.4343.14/bin -Dfile.encoding=UTF-8 
java_command: com.shayrubach.main
java_class_path (initial): /usr/lib/jvm/java-8-oracle/jre/lib/charsets.jar:/usr/lib/jvm/java-8-oracle/jre/lib/deploy.jar:/usr/lib/jvm/java-8-oracle/jre/lib/ext/cldrdata.jar:/usr/lib/jvm/java-8-oracle/jre/lib/ext/dnsns.jar:/usr/lib/jvm/java-8-oracle/jre/lib/ext/jaccess.jar:/usr/lib/jvm/java-8-oracle/jre/lib/ext/jfxrt.jar:/usr/lib/jvm/java-8-oracle/jre/lib/ext/localedata.jar:/usr/lib/jvm/java-8-oracle/jre/lib/ext/nashorn.jar:/usr/lib/jvm/java-8-oracle/jre/lib/ext/sunec.jar:/usr/lib/jvm/java-8-oracle/jre/lib/ext/sunjce_provider.jar:/usr/lib/jvm/java-8-oracle/jre/lib/ext/sunpkcs11.jar:/usr/lib/jvm/java-8-oracle/jre/lib/ext/zipfs.jar:/usr/lib/jvm/java-8-oracle/jre/lib/javaws.jar:/usr/lib/jvm/java-8-oracle/jre/lib/jce.jar:/usr/lib/jvm/java-8-oracle/jre/lib/jfr.jar:/usr/lib/jvm/java-8-oracle/jre/lib/jfxswt.jar:/usr/lib/jvm/java-8-oracle/jre/lib/jsse.jar:/usr/lib/jvm/java-8-oracle/jre/lib/management-agent.jar:/usr/lib/jvm/java-8-oracle/jre/lib/plugin.jar:/usr/lib/jvm/java-8-oracle/jre/lib/resources.jar:/usr/lib/jvm/java-8-oracle/jre/lib/rt.jar:/home/pwnz/IdeaProjects/SoftwareCompanyMySqlProject/out/production/SoftwareCompanyMySqlProject:/home/pwnz/IdeaProjects/MySqlApp/mysql-connector-java-5.1.44-bin.jar:/home/pwnz/IdeaProjects/SoftwareCompanyMySqlProject/ibatis-3-core-3.0.0.242.jar:/opt/idea-IC-172.4343.14/lib/idea_rt.jar
Launcher Type: SUN_STANDARD

Environment Variables:
PATH=/home/pwnz/bin:/home/pwnz/.local/bin:/usr/local/sbin:/usr/local/bin:/usr/sbin:/usr/bin:/sbin:/bin:/usr/games:/usr/local/games:JAVA_HOME=/usr/lib/jvm/java-8-oracle:JRE_HOME=/usr/lib/jvm/java-8-oracle/jre:EOL
LD_LIBRARY_PATH=/opt/idea-IC-172.4343.14/bin:
SHELL=/bin/bash
DISPLAY=:0

Signal Handlers:
SIGSEGV: [libjvm.so+0xacbe10], sa_mask[0]=11111111011111111101111111111110, sa_flags=SA_RESTART|SA_SIGINFO
SIGBUS: [libjvm.so+0xacbe10], sa_mask[0]=11111111011111111101111111111110, sa_flags=SA_RESTART|SA_SIGINFO
SIGFPE: [libjvm.so+0x924f90], sa_mask[0]=11111111011111111101111111111110, sa_flags=SA_RESTART|SA_SIGINFO
SIGPIPE: [libjvm.so+0x924f90], sa_mask[0]=11111111011111111101111111111110, sa_flags=SA_RESTART|SA_SIGINFO
SIGXFSZ: [libjvm.so+0x924f90], sa_mask[0]=11111111011111111101111111111110, sa_flags=SA_RESTART|SA_SIGINFO
SIGILL: [libjvm.so+0x924f90], sa_mask[0]=11111111011111111101111111111110, sa_flags=SA_RESTART|SA_SIGINFO
SIGUSR1: SIG_DFL, sa_mask[0]=00000000000000000000000000000000, sa_flags=none
SIGUSR2: [libjvm.so+0x9267d0], sa_mask[0]=00100000000000000000000000000000, sa_flags=SA_RESTART|SA_SIGINFO
SIGHUP: [libjvm.so+0x927bd0], sa_mask[0]=11111111011111111101111111111110, sa_flags=SA_RESTART|SA_SIGINFO
SIGINT: SIG_IGN, sa_mask[0]=00000000000000000000000000000000, sa_flags=none
SIGTERM: [libjvm.so+0x927bd0], sa_mask[0]=11111111011111111101111111111110, sa_flags=SA_RESTART|SA_SIGINFO
SIGQUIT: [libjvm.so+0x927bd0], sa_mask[0]=11111111011111111101111111111110, sa_flags=SA_RESTART|SA_SIGINFO


---------------  S Y S T E M  ---------------

OS:DISTRIB_ID=LinuxMint
DISTRIB_RELEASE=18.2
DISTRIB_CODENAME=sonya
DISTRIB_DESCRIPTION="Linux Mint 18.2 Sonya"

uname:Linux 4.8.0-53-generic #56~16.04.1-Ubuntu SMP Tue May 16 01:18:56 UTC 2017 x86_64
libc:glibc 2.23 NPTL 2.23 
rlimit: STACK 8192k, CORE 0k, NPROC 15260, NOFILE 1048576, AS infinity
load average:2.54 1.21 0.90

/proc/meminfo:
MemTotal:        3951836 kB
MemFree:          107060 kB
MemAvailable:      53148 kB
Buffers:            1276 kB
Cached:           262948 kB
SwapCached:        12680 kB
Active:          2982968 kB
Inactive:         617188 kB
Active(anon):    2927300 kB
Inactive(anon):   582432 kB
Active(file):      55668 kB
Inactive(file):    34756 kB
Unevictable:         432 kB
Mlocked:             432 kB
SwapTotal:       4098044 kB
SwapFree:              0 kB
Dirty:               944 kB
Writeback:           868 kB
AnonPages:       3327764 kB
Mapped:           195404 kB
Shmem:            173812 kB
Slab:              87756 kB
SReclaimable:      37968 kB
SUnreclaim:        49788 kB
KernelStack:       14096 kB
PageTables:        79072 kB
NFS_Unstable:          0 kB
Bounce:                0 kB
WritebackTmp:          0 kB
CommitLimit:     6073960 kB
Committed_AS:   15231440 kB
VmallocTotal:   34359738367 kB
VmallocUsed:           0 kB
VmallocChunk:          0 kB
HardwareCorrupted:     0 kB
AnonHugePages:    600064 kB
ShmemHugePages:        0 kB
ShmemPmdMapped:        0 kB
CmaTotal:              0 kB
CmaFree:               0 kB
HugePages_Total:       0
HugePages_Free:        0
HugePages_Rsvd:        0
HugePages_Surp:        0
Hugepagesize:       2048 kB
DirectMap4k:      293544 kB
DirectMap2M:     3807232 kB


CPU:total 4 (initial active 4) (2 cores per cpu, 2 threads per core) family 6 model 42 stepping 7, cmov, cx8, fxsr, mmx, sse, sse2, sse3, ssse3, sse4.1, sse4.2, popcnt, avx, clmul, ht, tsc, tscinvbit

/proc/cpuinfo:
processor	: 0
vendor_id	: GenuineIntel
cpu family	: 6
model		: 42
model name	: Intel(R) Core(TM) i3-2370M CPU @ 2.40GHz
stepping	: 7
microcode	: 0x1b
cpu MHz		: 2399.853
cache size	: 3072 KB
physical id	: 0
siblings	: 4
core id		: 0
cpu cores	: 2
apicid		: 0
initial apicid	: 0
fpu		: yes
fpu_exception	: yes
cpuid level	: 13
wp		: yes
flags		: fpu vme de pse tsc msr pae mce cx8 apic sep mtrr pge mca cmov pat pse36 clflush dts acpi mmx fxsr sse sse2 ss ht tm pbe syscall nx rdtscp lm constant_tsc arch_perfmon pebs bts rep_good nopl xtopology nonstop_tsc aperfmperf eagerfpu pni pclmulqdq dtes64 monitor ds_cpl vmx est tm2 ssse3 cx16 xtpr pdcm pcid sse4_1 sse4_2 x2apic popcnt tsc_deadline_timer xsave avx lahf_lm epb tpr_shadow vnmi flexpriority ept vpid xsaveopt dtherm arat pln pts
bugs		:
bogomips	: 4789.27
clflush size	: 64
cache_alignment	: 64
address sizes	: 36 bits physical, 48 bits virtual
power management:

processor	: 1
vendor_id	: GenuineIntel
cpu family	: 6
model		: 42
model name	: Intel(R) Core(TM) i3-2370M CPU @ 2.40GHz
stepping	: 7
microcode	: 0x1b
cpu MHz		: 2400.000
cache size	: 3072 KB
physical id	: 0
siblings	: 4
core id		: 1
cpu cores	: 2
apicid		: 2
initial apicid	: 2
fpu		: yes
fpu_exception	: yes
cpuid level	: 13
wp		: yes
flags		: fpu vme de pse tsc msr pae mce cx8 apic sep mtrr pge mca cmov pat pse36 clflush dts acpi mmx fxsr sse sse2 ss ht tm pbe syscall nx rdtscp lm constant_tsc arch_perfmon pebs bts rep_good nopl xtopology nonstop_tsc aperfmperf eagerfpu pni pclmulqdq dtes64 monitor ds_cpl vmx est tm2 ssse3 cx16 xtpr pdcm pcid sse4_1 sse4_2 x2apic popcnt tsc_deadline_timer xsave avx lahf_lm epb tpr_shadow vnmi flexpriority ept vpid xsaveopt dtherm arat pln pts
bugs		:
bogomips	: 4789.27
clflush size	: 64
cache_alignment	: 64
address sizes	: 36 bits physical, 48 bits virtual
power management:

processor	: 2
vendor_id	: GenuineIntel
cpu family	: 6
model		: 42
model name	: Intel(R) Core(TM) i3-2370M CPU @ 2.40GHz
stepping	: 7
microcode	: 0x1b
cpu MHz		: 2400.000
cache size	: 3072 KB
physical id	: 0
siblings	: 4
core id		: 0
cpu cores	: 2
apicid		: 1
initial apicid	: 1
fpu		: yes
fpu_exception	: yes
cpuid level	: 13
wp		: yes
flags		: fpu vme de pse tsc msr pae mce cx8 apic sep mtrr pge mca cmov pat pse36 clflush dts acpi mmx fxsr sse sse2 ss ht tm pbe syscall nx rdtscp lm constant_tsc arch_perfmon pebs bts rep_good nopl xtopology nonstop_tsc aperfmperf eagerfpu pni pclmulqdq dtes64 monitor ds_cpl vmx est tm2 ssse3 cx16 xtpr pdcm pcid sse4_1 sse4_2 x2apic popcnt tsc_deadline_timer xsave avx lahf_lm epb tpr_shadow vnmi flexpriority ept vpid xsaveopt dtherm arat pln pts
bugs		:
bogomips	: 4789.27
clflush size	: 64
cache_alignment	: 64
address sizes	: 36 bits physical, 48 bits virtual
power management:

processor	: 3
vendor_id	: GenuineIntel
cpu family	: 6
model		: 42
model name	: Intel(R) Core(TM) i3-2370M CPU @ 2.40GHz
stepping	: 7
microcode	: 0x1b
cpu MHz		: 2400.000
cache size	: 3072 KB
physical id	: 0
siblings	: 4
core id		: 1
cpu cores	: 2
apicid		: 3
initial apicid	: 3
fpu		: yes
fpu_exception	: yes
cpuid level	: 13
wp		: yes
flags		: fpu vme de pse tsc msr pae mce cx8 apic sep mtrr pge mca cmov pat pse36 clflush dts acpi mmx fxsr sse sse2 ss ht tm pbe syscall nx rdtscp lm constant_tsc arch_perfmon pebs bts rep_good nopl xtopology nonstop_tsc aperfmperf eagerfpu pni pclmulqdq dtes64 monitor ds_cpl vmx est tm2 ssse3 cx16 xtpr pdcm pcid sse4_1 sse4_2 x2apic popcnt tsc_deadline_timer xsave avx lahf_lm epb tpr_shadow vnmi flexpriority ept vpid xsaveopt dtherm arat pln pts
bugs		:
bogomips	: 4789.27
clflush size	: 64
cache_alignment	: 64
address sizes	: 36 bits physical, 48 bits virtual
power management:



Memory: 4k page, physical 3951836k(107060k free), swap 4098044k(0k free)

vm_info: Java HotSpot(TM) 64-Bit Server VM (25.151-b12) for linux-amd64 JRE (1.8.0_151-b12), built on Sep  5 2017 19:20:58 by "java_re" with gcc 4.3.0 20080428 (Red Hat 4.3.0-8)

time: Sat Dec 30 18:27:55 2017
elapsed time: 23 seconds (0d 0h 0m 23s)

