#
# There is insufficient memory for the Java Runtime Environment to continue.
# Native memory allocation (mmap) failed to map 336068608 bytes for committing reserved memory.
# Possible reasons:
#   The system is out of physical RAM or swap space
#   In 32 bit mode, the process size limit was hit
# Possible solutions:
#   Reduce memory load on the system
#   Increase physical memory or swap space
#   Check if swap backing store is full
#   Use 64 bit Java on a 64 bit OS
#   Decrease Java heap size (-Xmx/-Xms)
#   Decrease number of Java threads
#   Decrease Java thread stack sizes (-Xss)
#   Set larger code cache with -XX:ReservedCodeCacheSize=
# This output file may be truncated or incomplete.
#
#  Out of Memory Error (os_linux.cpp:2640), pid=4752, tid=0x00007ff712047700
#
# JRE version: Java(TM) SE Runtime Environment (8.0_151-b12) (build 1.8.0_151-b12)
# Java VM: Java HotSpot(TM) 64-Bit Server VM (25.151-b12 mixed mode linux-amd64 compressed oops)
# Failed to write core dump. Core dumps have been disabled. To enable core dumping, try "ulimit -c unlimited" before starting Java again
#

---------------  T H R E A D  ---------------

Current thread (0x00007ff70c00b000):  JavaThread "main" [_thread_in_vm, id=4753, stack(0x00007ff711f47000,0x00007ff712048000)]

Stack: [0x00007ff711f47000,0x00007ff712048000],  sp=0x00007ff712045e80,  free space=1019k
Native frames: (J=compiled Java code, j=interpreted, Vv=VM code, C=native code)
V  [libjvm.so+0xacb58a]  VMError::report_and_die()+0x2ba
V  [libjvm.so+0x4ff4ab]  report_vm_out_of_memory(char const*, int, unsigned long, VMErrorType, char const*)+0x8b
V  [libjvm.so+0x928113]  os::Linux::commit_memory_impl(char*, unsigned long, bool)+0x103
V  [libjvm.so+0x928669]  os::pd_commit_memory(char*, unsigned long, unsigned long, bool)+0x29
V  [libjvm.so+0x92288a]  os::commit_memory(char*, unsigned long, unsigned long, bool)+0x2a
V  [libjvm.so+0x9973e3]  PSVirtualSpace::expand_by(unsigned long)+0x53
V  [libjvm.so+0x987ca0]  PSOldGen::expand(unsigned long)+0x170
V  [libjvm.so+0x987f5a]  PSOldGen::expand_and_allocate(unsigned long)+0x1a
V  [libjvm.so+0x98807b]  PSOldGen::allocate(unsigned long)+0xcb
V  [libjvm.so+0x94bd8e]  ParallelScavengeHeap::mem_allocate(unsigned long, bool*)+0xfe
V  [libjvm.so+0x658d6e]  CollectedHeap::common_mem_allocate_init(KlassHandle, unsigned long, Thread*)+0x17e
V  [libjvm.so+0x6487a5]  InstanceKlass::allocate_objArray(int, int, Thread*)+0x175
V  [libjvm.so+0x3df881]  Runtime1::new_object_array(JavaThread*, Klass*, int)+0x81
v  ~RuntimeStub::new_object_array Runtime1 stub
J 513 C1 java.util.Arrays.copyOf([Ljava/lang/Object;ILjava/lang/Class;)[Ljava/lang/Object; (46 bytes) @ 0x00007ff6fbf984ac [0x00007ff6fbf97f80+0x52c]
j  java.util.Arrays.copyOf([Ljava/lang/Object;I)[Ljava/lang/Object;+6
j  java.util.Vector.grow(I)V+50
J 1004 C2 javax.swing.JComboBox.addItem(Ljava/lang/Object;)V (18 bytes) @ 0x00007ff6fc0c9c18 [0x00007ff6fc0c9780+0x498]
J 1074% C2 com.shayrubach.view.GuiMainPanel.initEngCB()V (40 bytes) @ 0x00007ff6fc0ec5e0 [0x00007ff6fc0ec540+0xa0]
j  com.shayrubach.view.GuiMainPanel.initCBoxes()V+9
j  com.shayrubach.view.GuiMainPanel.<init>()V+147
j  com.shayrubach.main.main([Ljava/lang/String;)V+8
v  ~StubRoutines::call_stub
V  [libjvm.so+0x693e76]  JavaCalls::call_helper(JavaValue*, methodHandle*, JavaCallArguments*, Thread*)+0x1056
V  [libjvm.so+0x6d5292]  jni_invoke_static(JNIEnv_*, JavaValue*, _jobject*, JNICallType, _jmethodID*, JNI_ArgumentPusher*, Thread*)+0x362
V  [libjvm.so+0x6f1afa]  jni_CallStaticVoidMethod+0x17a
C  [libjli.so+0x80ff]  JavaMain+0x81f
C  [libpthread.so.0+0x76ba]  start_thread+0xca

Java frames: (J=compiled Java code, j=interpreted, Vv=VM code)
v  ~RuntimeStub::new_object_array Runtime1 stub
J 513 C1 java.util.Arrays.copyOf([Ljava/lang/Object;ILjava/lang/Class;)[Ljava/lang/Object; (46 bytes) @ 0x00007ff6fbf984ac [0x00007ff6fbf97f80+0x52c]
j  java.util.Arrays.copyOf([Ljava/lang/Object;I)[Ljava/lang/Object;+6
j  java.util.Vector.grow(I)V+50
J 1004 C2 javax.swing.JComboBox.addItem(Ljava/lang/Object;)V (18 bytes) @ 0x00007ff6fc0c9c18 [0x00007ff6fc0c9780+0x498]
J 1074% C2 com.shayrubach.view.GuiMainPanel.initEngCB()V (40 bytes) @ 0x00007ff6fc0ec5e0 [0x00007ff6fc0ec540+0xa0]
j  com.shayrubach.view.GuiMainPanel.initCBoxes()V+9
j  com.shayrubach.view.GuiMainPanel.<init>()V+147
j  com.shayrubach.main.main([Ljava/lang/String;)V+8
v  ~StubRoutines::call_stub

---------------  P R O C E S S  ---------------

Java Threads: ( => current thread )
  0x00007ff70c38e800 JavaThread "AWT-EventQueue-0" [_thread_blocked, id=4786, stack(0x00007ff6f0772000,0x00007ff6f0873000)]
  0x00007ff70c382800 JavaThread "AWT-Shutdown" [_thread_blocked, id=4785, stack(0x00007ff6f0873000,0x00007ff6f0974000)]
  0x00007ff70c36e000 JavaThread "AWT-XAWT" daemon [_thread_in_vm, id=4784, stack(0x00007ff6f0974000,0x00007ff6f0a75000)]
  0x00007ff70c344000 JavaThread "Java2D Disposer" daemon [_thread_blocked, id=4783, stack(0x00007ff6f0e85000,0x00007ff6f0f86000)]
  0x00007ff70c220800 JavaThread "Service Thread" daemon [_thread_blocked, id=4781, stack(0x00007ff6f2bf5000,0x00007ff6f2cf6000)]
  0x00007ff70c213800 JavaThread "C1 CompilerThread2" daemon [_thread_in_native, id=4780, stack(0x00007ff6f2f0d000,0x00007ff6f300e000)]
  0x00007ff70c211800 JavaThread "C2 CompilerThread1" daemon [_thread_blocked, id=4779, stack(0x00007ff6f300e000,0x00007ff6f310f000)]
  0x00007ff70c20f800 JavaThread "C2 CompilerThread0" daemon [_thread_in_native, id=4778, stack(0x00007ff6f310f000,0x00007ff6f3210000)]
  0x00007ff70c1fb800 JavaThread "Monitor Ctrl-Break" daemon [_thread_in_native, id=4777, stack(0x00007ff6f3210000,0x00007ff6f3311000)]
  0x00007ff70c180800 JavaThread "Signal Dispatcher" daemon [_thread_blocked, id=4770, stack(0x00007ff6f331d000,0x00007ff6f341e000)]
  0x00007ff70c14c800 JavaThread "Finalizer" daemon [_thread_blocked, id=4760, stack(0x00007ff6f36f7000,0x00007ff6f37f8000)]
  0x00007ff70c148000 JavaThread "Reference Handler" daemon [_thread_blocked, id=4759, stack(0x00007ff6f37f8000,0x00007ff6f38f9000)]
=>0x00007ff70c00b000 JavaThread "main" [_thread_in_vm, id=4753, stack(0x00007ff711f47000,0x00007ff712048000)]

Other Threads:
  0x00007ff70c140000 VMThread [stack: 0x00007ff6f38f9000,0x00007ff6f39fa000] [id=4758]
  0x00007ff70c225000 WatcherThread [stack: 0x00007ff6f2af4000,0x00007ff6f2bf5000] [id=4782]

VM state:not at safepoint (normal execution)

VM Mutex/Monitor currently owned by a thread:  ([mutex/lock_event])
[0x00007ff70c0071f0] ExpandHeap_lock - owner thread: 0x00007ff70c00b000
[0x00007ff70c007cf0] AdapterHandlerLibrary_lock - owner thread: 0x00007ff70c36e000
[0x00007ff70c007d70] Heap_lock - owner thread: 0x00007ff70c00b000

Heap:
 PSYoungGen      total 295936K, used 286030K [0x00000000ebe00000, 0x00000000fe400000, 0x0000000100000000)
  eden space 292864K, 97% used [0x00000000ebe00000,0x00000000fd53ba40,0x00000000fdc00000)
  from space 3072K, 3% used [0x00000000fdf00000,0x00000000fdf18000,0x00000000fe200000)
  to   space 3072K, 0% used [0x00000000fdc00000,0x00000000fdc00000,0x00000000fdf00000)
 ParOldGen       total 308736K, used 166344K [0x00000000c3a00000, 0x00000000d6780000, 0x00000000ebe00000)
  object space 308736K, 53% used [0x00000000c3a00000,0x00000000cdc723e8,0x00000000d6780000)
 Metaspace       used 13382K, capacity 13604K, committed 13824K, reserved 1060864K
  class space    used 1596K, capacity 1683K, committed 1792K, reserved 1048576K

Card table byte_map: [0x00007ff6fb7b3000,0x00007ff6fb997000] byte_map_base: 0x00007ff6fb196000

Marking Bits: (ParMarkBitMap*) 0x00007ff711416f80
 Begin Bits: [0x00007ff6f957f000, 0x00007ff6fa497000)
 End Bits:   [0x00007ff6fa497000, 0x00007ff6fb3af000)

Polling page: 0x00007ff712067000

CodeCache: size=245760Kb used=4507Kb max_used=4507Kb free=241252Kb
 bounds [0x00007ff6fbd57000, 0x00007ff6fc1c7000, 0x00007ff70ad57000]
 total_blobs=1824 nmethods=1287 adapters=448
 compilation: enabled

Compilation events (10 events):
Event: 40.352 Thread 0x00007ff70c213800 nmethod 1290 0x00007ff6fc1bbb10 code [0x00007ff6fc1bbca0, 0x00007ff6fc1bc118]
Event: 40.352 Thread 0x00007ff70c213800 1291       3       sun.awt.X11.XWindow::postEventToEventQueue (14 bytes)
Event: 40.358 Thread 0x00007ff70c213800 nmethod 1291 0x00007ff6fc1bec50 code [0x00007ff6fc1bee20, 0x00007ff6fc1bf6e8]
Event: 51.347 Thread 0x00007ff70c213800 1293       3       java.lang.Character::valueOf (21 bytes)
Event: 53.650 Thread 0x00007ff70c20f800 1294  s    4       java.util.Hashtable::put (104 bytes)
Event: 54.070 Thread 0x00007ff70c213800 nmethod 1293 0x00007ff6fc1bfb10 code [0x00007ff6fc1bfc80, 0x00007ff6fc1bff30]
Event: 54.131 Thread 0x00007ff70c213800 1292       3       java.lang.Character::<init> (10 bytes)
Event: 54.132 Thread 0x00007ff70c213800 nmethod 1292 0x00007ff6fc1c0090 code [0x00007ff6fc1c0200, 0x00007ff6fc1c03b0]
Event: 54.132 Thread 0x00007ff70c213800 1295       3       sun.awt.X11.XKeysym$Keysym2JavaKeycode::<init> (15 bytes)
Event: 54.140 Thread 0x00007ff70c213800 nmethod 1295 0x00007ff6fc1c0450 code [0x00007ff6fc1c05c0, 0x00007ff6fc1c0770]

GC Heap History (10 events):
Event: 23.438 GC heap before
{Heap before GC invocations=19 (full 3):
 PSYoungGen      total 223232K, used 64K [0x00000000ebe00000, 0x00000000fc900000, 0x0000000100000000)
  eden space 219648K, 0% used [0x00000000ebe00000,0x00000000ebe00000,0x00000000f9480000)
  from space 3584K, 1% used [0x00000000f9800000,0x00000000f9810000,0x00000000f9b80000)
  to   space 3584K, 0% used [0x00000000f9480000,0x00000000f9480000,0x00000000f9800000)
 ParOldGen       total 363008K, used 289233K [0x00000000c3a00000, 0x00000000d9c80000, 0x00000000ebe00000)
  object space 363008K, 79% used [0x00000000c3a00000,0x00000000d54744b0,0x00000000d9c80000)
 Metaspace       used 13234K, capacity 13476K, committed 13824K, reserved 1060864K
  class space    used 1594K, capacity 1683K, committed 1792K, reserved 1048576K
Event: 27.740 GC heap after
Heap after GC invocations=19 (full 3):
 PSYoungGen      total 223232K, used 0K [0x00000000ebe00000, 0x00000000fc900000, 0x0000000100000000)
  eden space 219648K, 0% used [0x00000000ebe00000,0x00000000ebe00000,0x00000000f9480000)
  from space 3584K, 0% used [0x00000000f9800000,0x00000000f9800000,0x00000000f9b80000)
  to   space 3584K, 0% used [0x00000000f9480000,0x00000000f9480000,0x00000000f9800000)
 ParOldGen       total 308736K, used 166336K [0x00000000c3a00000, 0x00000000d6780000, 0x00000000ebe00000)
  object space 308736K, 53% used [0x00000000c3a00000,0x00000000cdc703e8,0x00000000d6780000)
 Metaspace       used 13234K, capacity 13476K, committed 13824K, reserved 1060864K
  class space    used 1594K, capacity 1683K, committed 1792K, reserved 1048576K
}
Event: 32.044 GC heap before
{Heap before GC invocations=20 (full 3):
 PSYoungGen      total 223232K, used 219648K [0x00000000ebe00000, 0x00000000fc900000, 0x0000000100000000)
  eden space 219648K, 100% used [0x00000000ebe00000,0x00000000f9480000,0x00000000f9480000)
  from space 3584K, 0% used [0x00000000f9800000,0x00000000f9800000,0x00000000f9b80000)
  to   space 3584K, 0% used [0x00000000f9480000,0x00000000f9480000,0x00000000f9800000)
 ParOldGen       total 308736K, used 166336K [0x00000000c3a00000, 0x00000000d6780000, 0x00000000ebe00000)
  object space 308736K, 53% used [0x00000000c3a00000,0x00000000cdc703e8,0x00000000d6780000)
 Metaspace       used 13265K, capacity 13476K, committed 13824K, reserved 1060864K
  class space    used 1594K, capacity 1683K, committed 1792K, reserved 1048576K
Event: 32.163 GC heap after
Heap after GC invocations=20 (full 3):
 PSYoungGen      total 223232K, used 64K [0x00000000ebe00000, 0x00000000fbf00000, 0x0000000100000000)
  eden space 219648K, 0% used [0x00000000ebe00000,0x00000000ebe00000,0x00000000f9480000)
  from space 3584K, 1% used [0x00000000f9480000,0x00000000f9490000,0x00000000f9800000)
  to   space 3584K, 0% used [0x00000000fbb80000,0x00000000fbb80000,0x00000000fbf00000)
 ParOldGen       total 308736K, used 166336K [0x00000000c3a00000, 0x00000000d6780000, 0x00000000ebe00000)
  object space 308736K, 53% used [0x00000000c3a00000,0x00000000cdc703e8,0x00000000d6780000)
 Metaspace       used 13265K, capacity 13476K, committed 13824K, reserved 1060864K
  class space    used 1594K, capacity 1683K, committed 1792K, reserved 1048576K
}
Event: 36.365 GC heap before
{Heap before GC invocations=21 (full 3):
 PSYoungGen      total 223232K, used 219712K [0x00000000ebe00000, 0x00000000fbf00000, 0x0000000100000000)
  eden space 219648K, 100% used [0x00000000ebe00000,0x00000000f9480000,0x00000000f9480000)
  from space 3584K, 1% used [0x00000000f9480000,0x00000000f9490000,0x00000000f9800000)
  to   space 3584K, 0% used [0x00000000fbb80000,0x00000000fbb80000,0x00000000fbf00000)
 ParOldGen       total 308736K, used 166336K [0x00000000c3a00000, 0x00000000d6780000, 0x00000000ebe00000)
  object space 308736K, 53% used [0x00000000c3a00000,0x00000000cdc703e8,0x00000000d6780000)
 Metaspace       used 13265K, capacity 13476K, committed 13824K, reserved 1060864K
  class space    used 1594K, capacity 1683K, committed 1792K, reserved 1048576K
Event: 36.929 GC heap after
Heap after GC invocations=21 (full 3):
 PSYoungGen      total 259584K, used 64K [0x00000000ebe00000, 0x00000000fbf80000, 0x0000000100000000)
  eden space 256000K, 0% used [0x00000000ebe00000,0x00000000ebe00000,0x00000000fb800000)
  from space 3584K, 1% used [0x00000000fbb80000,0x00000000fbb90000,0x00000000fbf00000)
  to   space 3584K, 0% used [0x00000000fb800000,0x00000000fb800000,0x00000000fbb80000)
 ParOldGen       total 308736K, used 166336K [0x00000000c3a00000, 0x00000000d6780000, 0x00000000ebe00000)
  object space 308736K, 53% used [0x00000000c3a00000,0x00000000cdc703e8,0x00000000d6780000)
 Metaspace       used 13265K, capacity 13476K, committed 13824K, reserved 1060864K
  class space    used 1594K, capacity 1683K, committed 1792K, reserved 1048576K
}
Event: 41.735 GC heap before
{Heap before GC invocations=22 (full 3):
 PSYoungGen      total 259584K, used 256064K [0x00000000ebe00000, 0x00000000fbf80000, 0x0000000100000000)
  eden space 256000K, 100% used [0x00000000ebe00000,0x00000000fb800000,0x00000000fb800000)
  from space 3584K, 1% used [0x00000000fbb80000,0x00000000fbb90000,0x00000000fbf00000)
  to   space 3584K, 0% used [0x00000000fb800000,0x00000000fb800000,0x00000000fbb80000)
 ParOldGen       total 308736K, used 166336K [0x00000000c3a00000, 0x00000000d6780000, 0x00000000ebe00000)
  object space 308736K, 53% used [0x00000000c3a00000,0x00000000cdc703e8,0x00000000d6780000)
 Metaspace       used 13293K, capacity 13540K, committed 13824K, reserved 1060864K
  class space    used 1595K, capacity 1683K, committed 1792K, reserved 1048576K
Event: 41.855 GC heap after
Heap after GC invocations=22 (full 3):
 PSYoungGen      total 259584K, used 96K [0x00000000ebe00000, 0x00000000fe200000, 0x0000000100000000)
  eden space 256000K, 0% used [0x00000000ebe00000,0x00000000ebe00000,0x00000000fb800000)
  from space 3584K, 2% used [0x00000000fb800000,0x00000000fb818000,0x00000000fbb80000)
  to   space 3072K, 0% used [0x00000000fdf00000,0x00000000fdf00000,0x00000000fe200000)
 ParOldGen       total 308736K, used 166344K [0x00000000c3a00000, 0x00000000d6780000, 0x00000000ebe00000)
  object space 308736K, 53% used [0x00000000c3a00000,0x00000000cdc723e8,0x00000000d6780000)
 Metaspace       used 13293K, capacity 13540K, committed 13824K, reserved 1060864K
  class space    used 1595K, capacity 1683K, committed 1792K, reserved 1048576K
}
Event: 49.345 GC heap before
{Heap before GC invocations=23 (full 3):
 PSYoungGen      total 259584K, used 256096K [0x00000000ebe00000, 0x00000000fe200000, 0x0000000100000000)
  eden space 256000K, 100% used [0x00000000ebe00000,0x00000000fb800000,0x00000000fb800000)
  from space 3584K, 2% used [0x00000000fb800000,0x00000000fb818000,0x00000000fbb80000)
  to   space 3072K, 0% used [0x00000000fdf00000,0x00000000fdf00000,0x00000000fe200000)
 ParOldGen       total 308736K, used 166344K [0x00000000c3a00000, 0x00000000d6780000, 0x00000000ebe00000)
  object space 308736K, 53% used [0x00000000c3a00000,0x00000000cdc723e8,0x00000000d6780000)
 Metaspace       used 13380K, capacity 13604K, committed 13824K, reserved 1060864K
  class space    used 1596K, capacity 1683K, committed 1792K, reserved 1048576K
Event: 50.526 GC heap after
Heap after GC invocations=23 (full 3):
 PSYoungGen      total 295936K, used 96K [0x00000000ebe00000, 0x00000000fe400000, 0x0000000100000000)
  eden space 292864K, 0% used [0x00000000ebe00000,0x00000000ebe00000,0x00000000fdc00000)
  from space 3072K, 3% used [0x00000000fdf00000,0x00000000fdf18000,0x00000000fe200000)
  to   space 3072K, 0% used [0x00000000fdc00000,0x00000000fdc00000,0x00000000fdf00000)
 ParOldGen       total 308736K, used 166344K [0x00000000c3a00000, 0x00000000d6780000, 0x00000000ebe00000)
  object space 308736K, 53% used [0x00000000c3a00000,0x00000000cdc723e8,0x00000000d6780000)
 Metaspace       used 13380K, capacity 13604K, committed 13824K, reserved 1060864K
  class space    used 1596K, capacity 1683K, committed 1792K, reserved 1048576K
}

Deoptimization events (10 events):
Event: 4.812 Thread 0x00007ff70c38e800 Uncommon trap: reason=class_check action=maybe_recompile pc=0x00007ff6fc151bb0 method=javax.swing.plaf.basic.BasicComboBoxRenderer.getListCellRendererComponent(Ljavax/swing/JList;Ljava/lang/Object;IZZ)Ljava/awt/Component; @ 77
Event: 4.812 Thread 0x00007ff70c38e800 Uncommon trap: reason=unstable_if action=reinterpret pc=0x00007ff6fc13dfdc method=java.awt.Container.addImpl(Ljava/awt/Component;Ljava/lang/Object;I)V @ 77
Event: 4.812 Thread 0x00007ff70c38e800 Uncommon trap: reason=unstable_if action=reinterpret pc=0x00007ff6fc12ee38 method=java.awt.Container.remove(I)V @ 51
Event: 4.812 Thread 0x00007ff70c38e800 Uncommon trap: reason=class_check action=maybe_recompile pc=0x00007ff6fc151bb0 method=javax.swing.plaf.basic.BasicComboBoxRenderer.getListCellRendererComponent(Ljavax/swing/JList;Ljava/lang/Object;IZZ)Ljava/awt/Component; @ 77
Event: 4.812 Thread 0x00007ff70c38e800 Uncommon trap: reason=unstable_if action=reinterpret pc=0x00007ff6fc108a88 method=javax.swing.plaf.basic.BasicLabelUI.propertyChange(Ljava/beans/PropertyChangeEvent;)V @ 8
Event: 4.812 Thread 0x00007ff70c38e800 Uncommon trap: reason=unstable_if action=reinterpret pc=0x00007ff6fc114d28 method=javax.swing.JLabel.setText(Ljava/lang/String;)V @ 95
Event: 4.812 Thread 0x00007ff70c38e800 Uncommon trap: reason=class_check action=maybe_recompile pc=0x00007ff6fc1262b0 method=javax.swing.plaf.basic.BasicLabelUI.getPreferredSize(Ljavax/swing/JComponent;)Ljava/awt/Dimension; @ 1
Event: 4.812 Thread 0x00007ff70c38e800 Uncommon trap: reason=class_check action=maybe_recompile pc=0x00007ff6fc1262b0 method=javax.swing.plaf.basic.BasicLabelUI.getPreferredSize(Ljavax/swing/JComponent;)Ljava/awt/Dimension; @ 1
Event: 4.812 Thread 0x00007ff70c38e800 Uncommon trap: reason=class_check action=maybe_recompile pc=0x00007ff6fc1262b0 method=javax.swing.plaf.basic.BasicLabelUI.getPreferredSize(Ljavax/swing/JComponent;)Ljava/awt/Dimension; @ 1
Event: 4.813 Thread 0x00007ff70c38e800 Uncommon trap: reason=class_check action=maybe_recompile pc=0x00007ff6fc1262b0 method=javax.swing.plaf.basic.BasicLabelUI.getPreferredSize(Ljavax/swing/JComponent;)Ljava/awt/Dimension; @ 1

Internal exceptions (10 events):
Event: 0.356 Thread 0x00007ff70c00b000 Exception <a 'java/security/PrivilegedActionException'> (0x00000000ec0c4d80) thrown at [/HUDSON/workspace/8-2-build-linux-amd64/jdk8u151/9699/hotspot/src/share/vm/prims/jvm.cpp, line 1390]
Event: 0.356 Thread 0x00007ff70c00b000 Exception <a 'java/security/PrivilegedActionException'> (0x00000000ec0c4f90) thrown at [/HUDSON/workspace/8-2-build-linux-amd64/jdk8u151/9699/hotspot/src/share/vm/prims/jvm.cpp, line 1390]
Event: 0.357 Thread 0x00007ff70c00b000 Exception <a 'java/security/PrivilegedActionException'> (0x00000000ec0c73f8) thrown at [/HUDSON/workspace/8-2-build-linux-amd64/jdk8u151/9699/hotspot/src/share/vm/prims/jvm.cpp, line 1390]
Event: 0.357 Thread 0x00007ff70c00b000 Exception <a 'java/security/PrivilegedActionException'> (0x00000000ec0c7608) thrown at [/HUDSON/workspace/8-2-build-linux-amd64/jdk8u151/9699/hotspot/src/share/vm/prims/jvm.cpp, line 1390]
Event: 0.455 Thread 0x00007ff70c00b000 Exception <a 'java/lang/NoSuchFieldError': method resolution failed> (0x00000000ec1f8108) thrown at [/HUDSON/workspace/8-2-build-linux-amd64/jdk8u151/9699/hotspot/src/share/vm/prims/methodHandles.cpp, line 1146]
Event: 0.458 Thread 0x00007ff70c00b000 Exception <a 'java/lang/NoSuchFieldError': method resolution failed> (0x00000000ec206380) thrown at [/HUDSON/workspace/8-2-build-linux-amd64/jdk8u151/9699/hotspot/src/share/vm/prims/methodHandles.cpp, line 1146]
Event: 0.520 Thread 0x00007ff70c00b000 Exception <a 'java/io/FileNotFoundException'> (0x00000000ec2aa380) thrown at [/HUDSON/workspace/8-2-build-linux-amd64/jdk8u151/9699/hotspot/src/share/vm/prims/jni.cpp, line 709]
Event: 0.520 Thread 0x00007ff70c00b000 Exception <a 'java/io/FileNotFoundException'> (0x00000000ec2aad20) thrown at [/HUDSON/workspace/8-2-build-linux-amd64/jdk8u151/9699/hotspot/src/share/vm/prims/jni.cpp, line 709]
Event: 1.098 Thread 0x00007ff70c00b000 Implicit null exception at 0x00007ff6fbfb31b5 to 0x00007ff6fbfb3569
Event: 1.099 Thread 0x00007ff70c00b000 Implicit null exception at 0x00007ff6fbfabbb6 to 0x00007ff6fbfabf71

Events (10 events):
Event: 41.659 Executing VM operation: ParallelGCFailedAllocation
Event: 41.870 Executing VM operation: ParallelGCFailedAllocation done
Event: 42.914 loading class sun/awt/X11/XKeyEvent
Event: 43.190 loading class sun/awt/X11/XKeyEvent done
Event: 45.664 loading class sun/awt/X11/XKeysym
Event: 47.704 loading class sun/awt/X11/XKeysym done
Event: 47.902 loading class sun/awt/X11/XKeysym$Keysym2JavaKeycode
Event: 48.358 loading class sun/awt/X11/XKeysym$Keysym2JavaKeycode done
Event: 48.798 Executing VM operation: ParallelGCFailedAllocation
Event: 50.666 Executing VM operation: ParallelGCFailedAllocation done


Dynamic libraries:
00400000-00401000 r-xp 00000000 08:01 664718                             /usr/lib/jvm/java-8-oracle/bin/java
00600000-00601000 rw-p 00000000 08:01 664718                             /usr/lib/jvm/java-8-oracle/bin/java
01749000-0176a000 rw-p 00000000 00:00 0                                  [heap]
c3a00000-d6780000 rw-p 00000000 00:00 0 
ea800000-ebe00000 ---p 00000000 00:00 0 
ebe00000-fe400000 rw-p 00000000 00:00 0 
fe400000-100000000 ---p 00000000 00:00 0 
100000000-1001c0000 rw-p 00000000 00:00 0 
1001c0000-140000000 ---p 00000000 00:00 0 
7ff6a4000000-7ff6a4021000 rw-p 00000000 00:00 0 
7ff6a4021000-7ff6a8000000 ---p 00000000 00:00 0 
7ff6ac000000-7ff6ac036000 rw-p 00000000 00:00 0 
7ff6ac036000-7ff6b0000000 ---p 00000000 00:00 0 
7ff6b0000000-7ff6b0021000 rw-p 00000000 00:00 0 
7ff6b0021000-7ff6b4000000 ---p 00000000 00:00 0 
7ff6b4000000-7ff6b4021000 rw-p 00000000 00:00 0 
7ff6b4021000-7ff6b8000000 ---p 00000000 00:00 0 
7ff6b8000000-7ff6b8021000 rw-p 00000000 00:00 0 
7ff6b8021000-7ff6bc000000 ---p 00000000 00:00 0 
7ff6bc000000-7ff6bc021000 rw-p 00000000 00:00 0 
7ff6bc021000-7ff6c0000000 ---p 00000000 00:00 0 
7ff6c0d7f000-7ff6c0de8000 r-xp 00000000 08:01 1057311                    /usr/lib/jvm/java-8-oracle/jre/lib/amd64/libt2k.so
7ff6c0de8000-7ff6c0fe8000 ---p 00069000 08:01 1057311                    /usr/lib/jvm/java-8-oracle/jre/lib/amd64/libt2k.so
7ff6c0fe8000-7ff6c0fef000 rw-p 00069000 08:01 1057311                    /usr/lib/jvm/java-8-oracle/jre/lib/amd64/libt2k.so
7ff6c0fef000-7ff6c4000000 rw-p 00000000 00:00 0 
7ff6c4000000-7ff6c4400000 rw-p 00000000 00:00 0 
7ff6c4400000-7ff6c8000000 ---p 00000000 00:00 0 
7ff6c8000000-7ff6c8330000 rw-p 00000000 00:00 0 
7ff6c8330000-7ff6cc000000 ---p 00000000 00:00 0 
7ff6cc000000-7ff6cc021000 rw-p 00000000 00:00 0 
7ff6cc021000-7ff6d0000000 ---p 00000000 00:00 0 
7ff6d0000000-7ff6d03f7000 rw-p 00000000 00:00 0 
7ff6d03f7000-7ff6d4000000 ---p 00000000 00:00 0 
7ff6d4000000-7ff6d4021000 rw-p 00000000 00:00 0 
7ff6d4021000-7ff6d8000000 ---p 00000000 00:00 0 
7ff6d8000000-7ff6d8021000 rw-p 00000000 00:00 0 
7ff6d8021000-7ff6dc000000 ---p 00000000 00:00 0 
7ff6dc000000-7ff6dc021000 rw-p 00000000 00:00 0 
7ff6dc021000-7ff6e0000000 ---p 00000000 00:00 0 
7ff6e0000000-7ff6e0021000 rw-p 00000000 00:00 0 
7ff6e0021000-7ff6e4000000 ---p 00000000 00:00 0 
7ff6e4000000-7ff6e4021000 rw-p 00000000 00:00 0 
7ff6e4021000-7ff6e8000000 ---p 00000000 00:00 0 
7ff6e8000000-7ff6e8021000 rw-p 00000000 00:00 0 
7ff6e8021000-7ff6ec000000 ---p 00000000 00:00 0 
7ff6ec000000-7ff6ec021000 rw-p 00000000 00:00 0 
7ff6ec021000-7ff6f0000000 ---p 00000000 00:00 0 
7ff6f0161000-7ff6f0172000 r-xp 00000000 08:01 1057351                    /usr/lib/jvm/java-8-oracle/jre/lib/amd64/libnio.so
7ff6f0172000-7ff6f0371000 ---p 00011000 08:01 1057351                    /usr/lib/jvm/java-8-oracle/jre/lib/amd64/libnio.so
7ff6f0371000-7ff6f0372000 rw-p 00010000 08:01 1057351                    /usr/lib/jvm/java-8-oracle/jre/lib/amd64/libnio.so
7ff6f0372000-7ff6f0532000 rw-p 00000000 00:00 0 
7ff6f0532000-7ff6f0572000 ---p 00000000 00:00 0 
7ff6f0572000-7ff6f0772000 rw-p 00000000 00:00 0 
7ff6f0772000-7ff6f0775000 ---p 00000000 00:00 0 
7ff6f0775000-7ff6f0873000 rw-p 00000000 00:00 0 
7ff6f0873000-7ff6f0876000 ---p 00000000 00:00 0 
7ff6f0876000-7ff6f0974000 rw-p 00000000 00:00 0 
7ff6f0974000-7ff6f0977000 ---p 00000000 00:00 0 
7ff6f0977000-7ff6f0a75000 rw-p 00000000 00:00 0 
7ff6f0a75000-7ff6f0a7a000 r-xp 00000000 08:01 534084                     /usr/lib/x86_64-linux-gnu/libXfixes.so.3.1.0
7ff6f0a7a000-7ff6f0c79000 ---p 00005000 08:01 534084                     /usr/lib/x86_64-linux-gnu/libXfixes.so.3.1.0
7ff6f0c79000-7ff6f0c7a000 r--p 00004000 08:01 534084                     /usr/lib/x86_64-linux-gnu/libXfixes.so.3.1.0
7ff6f0c7a000-7ff6f0c7b000 rw-p 00005000 08:01 534084                     /usr/lib/x86_64-linux-gnu/libXfixes.so.3.1.0
7ff6f0c7b000-7ff6f0c84000 r-xp 00000000 08:01 534076                     /usr/lib/x86_64-linux-gnu/libXcursor.so.1.0.2
7ff6f0c84000-7ff6f0e83000 ---p 00009000 08:01 534076                     /usr/lib/x86_64-linux-gnu/libXcursor.so.1.0.2
7ff6f0e83000-7ff6f0e84000 r--p 00008000 08:01 534076                     /usr/lib/x86_64-linux-gnu/libXcursor.so.1.0.2
7ff6f0e84000-7ff6f0e85000 rw-p 00009000 08:01 534076                     /usr/lib/x86_64-linux-gnu/libXcursor.so.1.0.2
7ff6f0e85000-7ff6f0e88000 ---p 00000000 00:00 0 
7ff6f0e88000-7ff6f0f86000 rw-p 00000000 00:00 0 
7ff6f0f86000-7ff6f0f9c000 r-xp 00000000 08:01 2626114                    /lib/x86_64-linux-gnu/libgcc_s.so.1
7ff6f0f9c000-7ff6f119b000 ---p 00016000 08:01 2626114                    /lib/x86_64-linux-gnu/libgcc_s.so.1
7ff6f119b000-7ff6f119c000 rw-p 00015000 08:01 2626114                    /lib/x86_64-linux-gnu/libgcc_s.so.1
7ff6f119c000-7ff6f1201000 r-xp 00000000 08:01 1057329                    /usr/lib/jvm/java-8-oracle/jre/lib/amd64/libfontmanager.so
7ff6f1201000-7ff6f1400000 ---p 00065000 08:01 1057329                    /usr/lib/jvm/java-8-oracle/jre/lib/amd64/libfontmanager.so
7ff6f1400000-7ff6f1405000 rw-p 00064000 08:01 1057329                    /usr/lib/jvm/java-8-oracle/jre/lib/amd64/libfontmanager.so
7ff6f1405000-7ff6f1415000 rw-p 00000000 00:00 0 
7ff6f1415000-7ff6f141a000 r-xp 00000000 08:01 534080                     /usr/lib/x86_64-linux-gnu/libXdmcp.so.6.0.0
7ff6f141a000-7ff6f1619000 ---p 00005000 08:01 534080                     /usr/lib/x86_64-linux-gnu/libXdmcp.so.6.0.0
7ff6f1619000-7ff6f161a000 r--p 00004000 08:01 534080                     /usr/lib/x86_64-linux-gnu/libXdmcp.so.6.0.0
7ff6f161a000-7ff6f161b000 rw-p 00005000 08:01 534080                     /usr/lib/x86_64-linux-gnu/libXdmcp.so.6.0.0
7ff6f161b000-7ff6f161d000 r-xp 00000000 08:01 534069                     /usr/lib/x86_64-linux-gnu/libXau.so.6.0.0
7ff6f161d000-7ff6f181d000 ---p 00002000 08:01 534069                     /usr/lib/x86_64-linux-gnu/libXau.so.6.0.0
7ff6f181d000-7ff6f181e000 r--p 00002000 08:01 534069                     /usr/lib/x86_64-linux-gnu/libXau.so.6.0.0
7ff6f181e000-7ff6f181f000 rw-p 00003000 08:01 534069                     /usr/lib/x86_64-linux-gnu/libXau.so.6.0.0
7ff6f181f000-7ff6f1840000 r-xp 00000000 08:01 535532                     /usr/lib/x86_64-linux-gnu/libxcb.so.1.1.0
7ff6f1840000-7ff6f1a3f000 ---p 00021000 08:01 535532                     /usr/lib/x86_64-linux-gnu/libxcb.so.1.1.0
7ff6f1a3f000-7ff6f1a40000 r--p 00020000 08:01 535532                     /usr/lib/x86_64-linux-gnu/libxcb.so.1.1.0
7ff6f1a40000-7ff6f1a41000 rw-p 00021000 08:01 535532                     /usr/lib/x86_64-linux-gnu/libxcb.so.1.1.0
7ff6f1a41000-7ff6f1a50000 r-xp 00000000 08:01 534090                     /usr/lib/x86_64-linux-gnu/libXi.so.6.1.0
7ff6f1a50000-7ff6f1c4f000 ---p 0000f000 08:01 534090                     /usr/lib/x86_64-linux-gnu/libXi.so.6.1.0
7ff6f1c4f000-7ff6f1c50000 r--p 0000e000 08:01 534090                     /usr/lib/x86_64-linux-gnu/libXi.so.6.1.0
7ff6f1c50000-7ff6f1c51000 rw-p 0000f000 08:01 534090                     /usr/lib/x86_64-linux-gnu/libXi.so.6.1.0
7ff6f1c51000-7ff6f1c56000 r-xp 00000000 08:01 534108                     /usr/lib/x86_64-linux-gnu/libXtst.so.6.1.0
7ff6f1c56000-7ff6f1e55000 ---p 00005000 08:01 534108                     /usr/lib/x86_64-linux-gnu/libXtst.so.6.1.0
7ff6f1e55000-7ff6f1e56000 r--p 00004000 08:01 534108                     /usr/lib/x86_64-linux-gnu/libXtst.so.6.1.0
7ff6f1e56000-7ff6f1e57000 rw-p 00005000 08:01 534108                     /usr/lib/x86_64-linux-gnu/libXtst.so.6.1.0
7ff6f1e57000-7ff6f1e60000 r-xp 00000000 08:01 534102                     /usr/lib/x86_64-linux-gnu/libXrender.so.1.3.0
7ff6f1e60000-7ff6f205f000 ---p 00009000 08:01 534102                     /usr/lib/x86_64-linux-gnu/libXrender.so.1.3.0
7ff6f205f000-7ff6f2060000 r--p 00008000 08:01 534102                     /usr/lib/x86_64-linux-gnu/libXrender.so.1.3.0
7ff6f2060000-7ff6f2061000 rw-p 00009000 08:01 534102                     /usr/lib/x86_64-linux-gnu/libXrender.so.1.3.0
7ff6f2061000-7ff6f2196000 r-xp 00000000 08:01 534065                     /usr/lib/x86_64-linux-gnu/libX11.so.6.3.0
7ff6f2196000-7ff6f2396000 ---p 00135000 08:01 534065                     /usr/lib/x86_64-linux-gnu/libX11.so.6.3.0
7ff6f2396000-7ff6f2397000 r--p 00135000 08:01 534065                     /usr/lib/x86_64-linux-gnu/libX11.so.6.3.0
7ff6f2397000-7ff6f239b000 rw-p 00136000 08:01 534065                     /usr/lib/x86_64-linux-gnu/libX11.so.6.3.0
7ff6f239b000-7ff6f23ac000 r-xp 00000000 08:01 534082                     /usr/lib/x86_64-linux-gnu/libXext.so.6.4.0
7ff6f23ac000-7ff6f25ab000 ---p 00011000 08:01 534082                     /usr/lib/x86_64-linux-gnu/libXext.so.6.4.0
7ff6f25ab000-7ff6f25ac000 r--p 00010000 08:01 534082                     /usr/lib/x86_64-linux-gnu/libXext.so.6.4.0
7ff6f25ac000-7ff6f25ad000 rw-p 00011000 08:01 534082                     /usr/lib/x86_64-linux-gnu/libXext.so.6.4.0
7ff6f25c9000-7ff6f261d000 r-xp 00000000 08:01 1057355                    /usr/lib/jvm/java-8-oracle/jre/lib/amd64/libawt_xawt.so
7ff6f261d000-7ff6f281d000 ---p 00054000 08:01 1057355                    /usr/lib/jvm/java-8-oracle/jre/lib/amd64/libawt_xawt.so
7ff6f281d000-7ff6f2821000 rw-p 00054000 08:01 1057355                    /usr/lib/jvm/java-8-oracle/jre/lib/amd64/libawt_xawt.so
7ff6f2821000-7ff6f2822000 rw-p 00000000 00:00 0 
7ff6f2822000-7ff6f28c4000 r-xp 00000000 08:01 1057341                    /usr/lib/jvm/java-8-oracle/jre/lib/amd64/libawt.so
7ff6f28c4000-7ff6f2ac4000 ---p 000a2000 08:01 1057341                    /usr/lib/jvm/java-8-oracle/jre/lib/amd64/libawt.so
7ff6f2ac4000-7ff6f2ad0000 rw-p 000a2000 08:01 1057341                    /usr/lib/jvm/java-8-oracle/jre/lib/amd64/libawt.so
7ff6f2ad0000-7ff6f2af4000 rw-p 00000000 00:00 0 
7ff6f2af4000-7ff6f2af5000 ---p 00000000 00:00 0 
7ff6f2af5000-7ff6f2bf5000 rw-p 00000000 00:00 0 
7ff6f2bf5000-7ff6f2bf8000 ---p 00000000 00:00 0 
7ff6f2bf8000-7ff6f2cf6000 rw-p 00000000 00:00 0 
7ff6f2cf6000-7ff6f2d0d000 r-xp 00000000 08:01 1057348                    /usr/lib/jvm/java-8-oracle/jre/lib/amd64/libnet.so
7ff6f2d0d000-7ff6f2f0c000 ---p 00017000 08:01 1057348                    /usr/lib/jvm/java-8-oracle/jre/lib/amd64/libnet.so
7ff6f2f0c000-7ff6f2f0d000 rw-p 00016000 08:01 1057348                    /usr/lib/jvm/java-8-oracle/jre/lib/amd64/libnet.so
7ff6f2f0d000-7ff6f2f10000 ---p 00000000 00:00 0 
7ff6f2f10000-7ff6f300e000 rw-p 00000000 00:00 0 
7ff6f300e000-7ff6f3011000 ---p 00000000 00:00 0 
7ff6f3011000-7ff6f310f000 rw-p 00000000 00:00 0 
7ff6f310f000-7ff6f3112000 ---p 00000000 00:00 0 
7ff6f3112000-7ff6f3210000 rw-p 00000000 00:00 0 
7ff6f3210000-7ff6f3213000 ---p 00000000 00:00 0 
7ff6f3213000-7ff6f3311000 rw-p 00000000 00:00 0 
7ff6f3311000-7ff6f331d000 r--s 00085000 08:01 1854462                    /home/pwnz/IdeaProjects/SoftwareCompanyMySqlProject/ibatis-3-core-3.0.0.242.jar
7ff6f331d000-7ff6f3320000 ---p 00000000 00:00 0 
7ff6f3320000-7ff6f341e000 rw-p 00000000 00:00 0 
7ff6f341e000-7ff6f36f7000 r--p 00000000 08:01 532589                     /usr/lib/locale/locale-archive
7ff6f36f7000-7ff6f36fa000 ---p 00000000 00:00 0 
7ff6f36fa000-7ff6f37f8000 rw-p 00000000 00:00 0 
7ff6f37f8000-7ff6f37fb000 ---p 00000000 00:00 0 
7ff6f37fb000-7ff6f38f9000 rw-p 00000000 00:00 0 
7ff6f38f9000-7ff6f38fa000 ---p 00000000 00:00 0 
7ff6f38fa000-7ff6f4000000 rw-p 00000000 00:00 0 
7ff6f4000000-7ff6f4021000 rw-p 00000000 00:00 0 
7ff6f4021000-7ff6f8000000 ---p 00000000 00:00 0 
7ff6f800a000-7ff6f8014000 r--s 000eb000 08:01 275216                     /home/pwnz/IdeaProjects/MySqlApp/mysql-connector-java-5.1.44-bin.jar
7ff6f8014000-7ff6f8027000 r--s 00345000 08:01 918448                     /usr/lib/jvm/java-8-oracle/jre/lib/resources.jar
7ff6f8027000-7ff6f803a000 r--s 000d6000 08:01 918429                     /usr/lib/jvm/java-8-oracle/jre/lib/plugin.jar
7ff6f803a000-7ff6f803f000 r--s 0009a000 08:01 918449                     /usr/lib/jvm/java-8-oracle/jre/lib/jsse.jar
7ff6f803f000-7ff6f8044000 r--s 00084000 08:01 918415                     /usr/lib/jvm/java-8-oracle/jre/lib/jfr.jar
7ff6f8044000-7ff6f894d000 rw-p 00000000 00:00 0 
7ff6f894d000-7ff6f8b26000 r--s 03d5a000 08:01 918444                     /usr/lib/jvm/java-8-oracle/jre/lib/rt.jar
7ff6f8b26000-7ff6fb3af000 rw-p 00000000 00:00 0 
7ff6fb3af000-7ff6fb3b0000 ---p 00000000 00:00 0 
7ff6fb3b0000-7ff6fb4b0000 rw-p 00000000 00:00 0 
7ff6fb4b0000-7ff6fb4b1000 ---p 00000000 00:00 0 
7ff6fb4b1000-7ff6fb5b1000 rw-p 00000000 00:00 0 
7ff6fb5b1000-7ff6fb5b2000 ---p 00000000 00:00 0 
7ff6fb5b2000-7ff6fb6b2000 rw-p 00000000 00:00 0 
7ff6fb6b2000-7ff6fb6b3000 ---p 00000000 00:00 0 
7ff6fb6b3000-7ff6fb84a000 rw-p 00000000 00:00 0 
7ff6fb84a000-7ff6fb8f5000 ---p 00000000 00:00 0 
7ff6fb8f5000-7ff6fb988000 rw-p 00000000 00:00 0 
7ff6fb988000-7ff6fb996000 ---p 00000000 00:00 0 
7ff6fb996000-7ff6fb9a9000 rw-p 00000000 00:00 0 
7ff6fb9a9000-7ff6fbd57000 ---p 00000000 00:00 0 
7ff6fbd57000-7ff6fc1c7000 rwxp 00000000 00:00 0 
7ff6fc1c7000-7ff70ad57000 ---p 00000000 00:00 0 
7ff70ad57000-7ff70ad72000 r-xp 00000000 08:01 1057344                    /usr/lib/jvm/java-8-oracle/jre/lib/amd64/libzip.so
7ff70ad72000-7ff70af72000 ---p 0001b000 08:01 1057344                    /usr/lib/jvm/java-8-oracle/jre/lib/amd64/libzip.so
7ff70af72000-7ff70af73000 rw-p 0001b000 08:01 1057344                    /usr/lib/jvm/java-8-oracle/jre/lib/amd64/libzip.so
7ff70af73000-7ff70af7e000 r-xp 00000000 08:01 2628735                    /lib/x86_64-linux-gnu/libnss_files-2.23.so
7ff70af7e000-7ff70b17d000 ---p 0000b000 08:01 2628735                    /lib/x86_64-linux-gnu/libnss_files-2.23.so
7ff70b17d000-7ff70b17e000 r--p 0000a000 08:01 2628735                    /lib/x86_64-linux-gnu/libnss_files-2.23.so
7ff70b17e000-7ff70b17f000 rw-p 0000b000 08:01 2628735                    /lib/x86_64-linux-gnu/libnss_files-2.23.so
7ff70b17f000-7ff70b185000 rw-p 00000000 00:00 0 
7ff70b185000-7ff70b190000 r-xp 00000000 08:01 2628738                    /lib/x86_64-linux-gnu/libnss_nis-2.23.so
7ff70b190000-7ff70b38f000 ---p 0000b000 08:01 2628738                    /lib/x86_64-linux-gnu/libnss_nis-2.23.so
7ff70b38f000-7ff70b390000 r--p 0000a000 08:01 2628738                    /lib/x86_64-linux-gnu/libnss_nis-2.23.so
7ff70b390000-7ff70b391000 rw-p 0000b000 08:01 2628738                    /lib/x86_64-linux-gnu/libnss_nis-2.23.so
7ff70b391000-7ff70b3a7000 r-xp 00000000 08:01 2621455                    /lib/x86_64-linux-gnu/libnsl-2.23.so
7ff70b3a7000-7ff70b5a6000 ---p 00016000 08:01 2621455                    /lib/x86_64-linux-gnu/libnsl-2.23.so
7ff70b5a6000-7ff70b5a7000 r--p 00015000 08:01 2621455                    /lib/x86_64-linux-gnu/libnsl-2.23.so
7ff70b5a7000-7ff70b5a8000 rw-p 00016000 08:01 2621455                    /lib/x86_64-linux-gnu/libnsl-2.23.so
7ff70b5a8000-7ff70b5aa000 rw-p 00000000 00:00 0 
7ff70b5aa000-7ff70b5b2000 r-xp 00000000 08:01 2628744                    /lib/x86_64-linux-gnu/libnss_compat-2.23.so
7ff70b5b2000-7ff70b7b1000 ---p 00008000 08:01 2628744                    /lib/x86_64-linux-gnu/libnss_compat-2.23.so
7ff70b7b1000-7ff70b7b2000 r--p 00007000 08:01 2628744                    /lib/x86_64-linux-gnu/libnss_compat-2.23.so
7ff70b7b2000-7ff70b7b3000 rw-p 00008000 08:01 2628744                    /lib/x86_64-linux-gnu/libnss_compat-2.23.so
7ff70b7b3000-7ff70b7bd000 r-xp 00000000 08:01 1057353                    /usr/lib/jvm/java-8-oracle/jre/lib/amd64/libinstrument.so
7ff70b7bd000-7ff70b9bc000 ---p 0000a000 08:01 1057353                    /usr/lib/jvm/java-8-oracle/jre/lib/amd64/libinstrument.so
7ff70b9bc000-7ff70b9bd000 rw-p 00009000 08:01 1057353                    /usr/lib/jvm/java-8-oracle/jre/lib/amd64/libinstrument.so
7ff70b9bd000-7ff70b9e8000 r-xp 00000000 08:01 1057338                    /usr/lib/jvm/java-8-oracle/jre/lib/amd64/libjava.so
7ff70b9e8000-7ff70bbe7000 ---p 0002b000 08:01 1057338                    /usr/lib/jvm/java-8-oracle/jre/lib/amd64/libjava.so
7ff70bbe7000-7ff70bbe9000 rw-p 0002a000 08:01 1057338                    /usr/lib/jvm/java-8-oracle/jre/lib/amd64/libjava.so
7ff70bbe9000-7ff70bbf6000 r-xp 00000000 08:01 1057343                    /usr/lib/jvm/java-8-oracle/jre/lib/amd64/libverify.so
7ff70bbf6000-7ff70bdf6000 ---p 0000d000 08:01 1057343                    /usr/lib/jvm/java-8-oracle/jre/lib/amd64/libverify.so
7ff70bdf6000-7ff70bdf8000 rw-p 0000d000 08:01 1057343                    /usr/lib/jvm/java-8-oracle/jre/lib/amd64/libverify.so
7ff70bdf8000-7ff70bdff000 r-xp 00000000 08:01 2628740                    /lib/x86_64-linux-gnu/librt-2.23.so
7ff70bdff000-7ff70bffe000 ---p 00007000 08:01 2628740                    /lib/x86_64-linux-gnu/librt-2.23.so
7ff70bffe000-7ff70bfff000 r--p 00006000 08:01 2628740                    /lib/x86_64-linux-gnu/librt-2.23.so
7ff70bfff000-7ff70c000000 rw-p 00007000 08:01 2628740                    /lib/x86_64-linux-gnu/librt-2.23.so
7ff70c000000-7ff70c6e1000 rw-p 00000000 00:00 0 
7ff70c6e1000-7ff710000000 ---p 00000000 00:00 0 
7ff710000000-7ff710002000 r--s 0001a000 08:01 266428                     /opt/idea-IC-172.4343.14/lib/idea_rt.jar
7ff710002000-7ff710099000 rw-p 00000000 00:00 0 
7ff710099000-7ff710144000 ---p 00000000 00:00 0 
7ff710144000-7ff71024c000 r-xp 00000000 08:01 2628749                    /lib/x86_64-linux-gnu/libm-2.23.so
7ff71024c000-7ff71044b000 ---p 00108000 08:01 2628749                    /lib/x86_64-linux-gnu/libm-2.23.so
7ff71044b000-7ff71044c000 r--p 00107000 08:01 2628749                    /lib/x86_64-linux-gnu/libm-2.23.so
7ff71044c000-7ff71044d000 rw-p 00108000 08:01 2628749                    /lib/x86_64-linux-gnu/libm-2.23.so
7ff71044d000-7ff711120000 r-xp 00000000 08:01 1057321                    /usr/lib/jvm/java-8-oracle/jre/lib/amd64/server/libjvm.so
7ff711120000-7ff71131f000 ---p 00cd3000 08:01 1057321                    /usr/lib/jvm/java-8-oracle/jre/lib/amd64/server/libjvm.so
7ff71131f000-7ff7113f9000 rw-p 00cd2000 08:01 1057321                    /usr/lib/jvm/java-8-oracle/jre/lib/amd64/server/libjvm.so
7ff7113f9000-7ff711444000 rw-p 00000000 00:00 0 
7ff711444000-7ff711604000 r-xp 00000000 08:01 2628754                    /lib/x86_64-linux-gnu/libc-2.23.so
7ff711604000-7ff711804000 ---p 001c0000 08:01 2628754                    /lib/x86_64-linux-gnu/libc-2.23.so
7ff711804000-7ff711808000 r--p 001c0000 08:01 2628754                    /lib/x86_64-linux-gnu/libc-2.23.so
7ff711808000-7ff71180a000 rw-p 001c4000 08:01 2628754                    /lib/x86_64-linux-gnu/libc-2.23.so
7ff71180a000-7ff71180e000 rw-p 00000000 00:00 0 
7ff71180e000-7ff711811000 r-xp 00000000 08:01 2628743                    /lib/x86_64-linux-gnu/libdl-2.23.so
7ff711811000-7ff711a10000 ---p 00003000 08:01 2628743                    /lib/x86_64-linux-gnu/libdl-2.23.so
7ff711a10000-7ff711a11000 r--p 00002000 08:01 2628743                    /lib/x86_64-linux-gnu/libdl-2.23.so
7ff711a11000-7ff711a12000 rw-p 00003000 08:01 2628743                    /lib/x86_64-linux-gnu/libdl-2.23.so
7ff711a12000-7ff711a28000 r-xp 00000000 08:01 792851                     /usr/lib/jvm/java-8-oracle/lib/amd64/jli/libjli.so
7ff711a28000-7ff711c27000 ---p 00016000 08:01 792851                     /usr/lib/jvm/java-8-oracle/lib/amd64/jli/libjli.so
7ff711c27000-7ff711c28000 rw-p 00015000 08:01 792851                     /usr/lib/jvm/java-8-oracle/lib/amd64/jli/libjli.so
7ff711c28000-7ff711c40000 r-xp 00000000 08:01 2628737                    /lib/x86_64-linux-gnu/libpthread-2.23.so
7ff711c40000-7ff711e3f000 ---p 00018000 08:01 2628737                    /lib/x86_64-linux-gnu/libpthread-2.23.so
7ff711e3f000-7ff711e40000 r--p 00017000 08:01 2628737                    /lib/x86_64-linux-gnu/libpthread-2.23.so
7ff711e40000-7ff711e41000 rw-p 00018000 08:01 2628737                    /lib/x86_64-linux-gnu/libpthread-2.23.so
7ff711e41000-7ff711e45000 rw-p 00000000 00:00 0 
7ff711e45000-7ff711e6b000 r-xp 00000000 08:01 2628732                    /lib/x86_64-linux-gnu/ld-2.23.so
7ff711e6c000-7ff711e6d000 r--s 00000000 08:01 918422                     /usr/lib/jvm/java-8-oracle/jre/lib/management-agent.jar
7ff711e6d000-7ff711e6f000 r--s 00007000 08:01 918457                     /usr/lib/jvm/java-8-oracle/jre/lib/jfxswt.jar
7ff711e6f000-7ff711e8a000 r--s 0020b000 08:01 918416                     /usr/lib/jvm/java-8-oracle/jre/lib/deploy.jar
7ff711e8a000-7ff711f47000 rw-p 00000000 00:00 0 
7ff711f47000-7ff711f4a000 ---p 00000000 00:00 0 
7ff711f4a000-7ff71204c000 rw-p 00000000 00:00 0 
7ff71204c000-7ff71204f000 r--s 0001a000 08:01 918455                     /usr/lib/jvm/java-8-oracle/jre/lib/jce.jar
7ff71204f000-7ff712059000 r--s 0006c000 08:01 918425                     /usr/lib/jvm/java-8-oracle/jre/lib/javaws.jar
7ff712059000-7ff71205e000 r--s 002f9000 08:01 918442                     /usr/lib/jvm/java-8-oracle/jre/lib/charsets.jar
7ff71205e000-7ff712066000 rw-s 00000000 08:01 2249545                    /tmp/hsperfdata_pwnz/4752
7ff712066000-7ff712067000 rw-p 00000000 00:00 0 
7ff712067000-7ff712068000 r--p 00000000 00:00 0 
7ff712068000-7ff71206a000 rw-p 00000000 00:00 0 
7ff71206a000-7ff71206b000 r--p 00025000 08:01 2628732                    /lib/x86_64-linux-gnu/ld-2.23.so
7ff71206b000-7ff71206c000 rw-p 00026000 08:01 2628732                    /lib/x86_64-linux-gnu/ld-2.23.so
7ff71206c000-7ff71206d000 rw-p 00000000 00:00 0 
7fff8ccd0000-7fff8ccf1000 rw-p 00000000 00:00 0                          [stack]
7fff8cd1a000-7fff8cd1c000 r--p 00000000 00:00 0                          [vvar]
7fff8cd1c000-7fff8cd1e000 r-xp 00000000 00:00 0                          [vdso]
ffffffffff600000-ffffffffff601000 r-xp 00000000 00:00 0                  [vsyscall]

VM Arguments:
jvm_args: -javaagent:/opt/idea-IC-172.4343.14/lib/idea_rt.jar=42243:/opt/idea-IC-172.4343.14/bin -Dfile.encoding=UTF-8 
java_command: com.shayrubach.main
java_class_path (initial): /usr/lib/jvm/java-8-oracle/jre/lib/charsets.jar:/usr/lib/jvm/java-8-oracle/jre/lib/deploy.jar:/usr/lib/jvm/java-8-oracle/jre/lib/ext/cldrdata.jar:/usr/lib/jvm/java-8-oracle/jre/lib/ext/dnsns.jar:/usr/lib/jvm/java-8-oracle/jre/lib/ext/jaccess.jar:/usr/lib/jvm/java-8-oracle/jre/lib/ext/jfxrt.jar:/usr/lib/jvm/java-8-oracle/jre/lib/ext/localedata.jar:/usr/lib/jvm/java-8-oracle/jre/lib/ext/nashorn.jar:/usr/lib/jvm/java-8-oracle/jre/lib/ext/sunec.jar:/usr/lib/jvm/java-8-oracle/jre/lib/ext/sunjce_provider.jar:/usr/lib/jvm/java-8-oracle/jre/lib/ext/sunpkcs11.jar:/usr/lib/jvm/java-8-oracle/jre/lib/ext/zipfs.jar:/usr/lib/jvm/java-8-oracle/jre/lib/javaws.jar:/usr/lib/jvm/java-8-oracle/jre/lib/jce.jar:/usr/lib/jvm/java-8-oracle/jre/lib/jfr.jar:/usr/lib/jvm/java-8-oracle/jre/lib/jfxswt.jar:/usr/lib/jvm/java-8-oracle/jre/lib/jsse.jar:/usr/lib/jvm/java-8-oracle/jre/lib/management-agent.jar:/usr/lib/jvm/java-8-oracle/jre/lib/plugin.jar:/usr/lib/jvm/java-8-oracle/jre/lib/resources.jar:/usr/lib/jvm/java-8-oracle/jre/lib/rt.jar:/home/pwnz/IdeaProjects/SoftwareCompanyMySqlProject/out/production/SoftwareCompanyMySqlProject:/home/pwnz/IdeaProjects/MySqlApp/mysql-connector-java-5.1.44-bin.jar:/home/pwnz/IdeaProjects/SoftwareCompanyMySqlProject/ibatis-3-core-3.0.0.242.jar:/opt/idea-IC-172.4343.14/lib/idea_rt.jar
Launcher Type: SUN_STANDARD

Environment Variables:
PATH=/home/pwnz/bin:/home/pwnz/.local/bin:/usr/local/sbin:/usr/local/bin:/usr/sbin:/usr/bin:/sbin:/bin:/usr/games:/usr/local/games:JAVA_HOME=/usr/lib/jvm/java-8-oracle:JRE_HOME=/usr/lib/jvm/java-8-oracle/jre:EOL
LD_LIBRARY_PATH=/opt/idea-IC-172.4343.14/bin:
SHELL=/bin/bash
DISPLAY=:0

Signal Handlers:
SIGSEGV: [libjvm.so+0xacbe10], sa_mask[0]=11111111011111111101111111111110, sa_flags=SA_RESTART|SA_SIGINFO
SIGBUS: [libjvm.so+0xacbe10], sa_mask[0]=11111111011111111101111111111110, sa_flags=SA_RESTART|SA_SIGINFO
SIGFPE: [libjvm.so+0x924f90], sa_mask[0]=11111111011111111101111111111110, sa_flags=SA_RESTART|SA_SIGINFO
SIGPIPE: [libjvm.so+0x924f90], sa_mask[0]=11111111011111111101111111111110, sa_flags=SA_RESTART|SA_SIGINFO
SIGXFSZ: [libjvm.so+0x924f90], sa_mask[0]=11111111011111111101111111111110, sa_flags=SA_RESTART|SA_SIGINFO
SIGILL: [libjvm.so+0x924f90], sa_mask[0]=11111111011111111101111111111110, sa_flags=SA_RESTART|SA_SIGINFO
SIGUSR1: SIG_DFL, sa_mask[0]=00000000000000000000000000000000, sa_flags=none
SIGUSR2: [libjvm.so+0x9267d0], sa_mask[0]=00100000000000000000000000000000, sa_flags=SA_RESTART|SA_SIGINFO
SIGHUP: [libjvm.so+0x927bd0], sa_mask[0]=11111111011111111101111111111110, sa_flags=SA_RESTART|SA_SIGINFO
SIGINT: SIG_IGN, sa_mask[0]=00000000000000000000000000000000, sa_flags=none
SIGTERM: [libjvm.so+0x927bd0], sa_mask[0]=11111111011111111101111111111110, sa_flags=SA_RESTART|SA_SIGINFO
SIGQUIT: [libjvm.so+0x927bd0], sa_mask[0]=11111111011111111101111111111110, sa_flags=SA_RESTART|SA_SIGINFO


---------------  S Y S T E M  ---------------

OS:DISTRIB_ID=LinuxMint
DISTRIB_RELEASE=18.2
DISTRIB_CODENAME=sonya
DISTRIB_DESCRIPTION="Linux Mint 18.2 Sonya"

uname:Linux 4.8.0-53-generic #56~16.04.1-Ubuntu SMP Tue May 16 01:18:56 UTC 2017 x86_64
libc:glibc 2.23 NPTL 2.23 
rlimit: STACK 8192k, CORE 0k, NPROC 15260, NOFILE 1048576, AS infinity
load average:8.48 2.95 1.52

/proc/meminfo:
MemTotal:        3951836 kB
MemFree:           84580 kB
MemAvailable:          0 kB
Buffers:             284 kB
Cached:           194228 kB
SwapCached:          388 kB
Active:          3014100 kB
Inactive:         611476 kB
Active(anon):    3002816 kB
Inactive(anon):   600512 kB
Active(file):      11284 kB
Inactive(file):    10964 kB
Unevictable:         432 kB
Mlocked:             432 kB
SwapTotal:       4098044 kB
SwapFree:              0 kB
Dirty:                52 kB
Writeback:             0 kB
AnonPages:       3431756 kB
Mapped:            36020 kB
Shmem:            172064 kB
Slab:              86220 kB
SReclaimable:      37200 kB
SUnreclaim:        49020 kB
KernelStack:       14256 kB
PageTables:        79920 kB
NFS_Unstable:          0 kB
Bounce:                0 kB
WritebackTmp:          0 kB
CommitLimit:     6073960 kB
Committed_AS:   15455064 kB
VmallocTotal:   34359738367 kB
VmallocUsed:           0 kB
VmallocChunk:          0 kB
HardwareCorrupted:     0 kB
AnonHugePages:    600064 kB
ShmemHugePages:        0 kB
ShmemPmdMapped:        0 kB
CmaTotal:              0 kB
CmaFree:               0 kB
HugePages_Total:       0
HugePages_Free:        0
HugePages_Rsvd:        0
HugePages_Surp:        0
Hugepagesize:       2048 kB
DirectMap4k:      293544 kB
DirectMap2M:     3807232 kB


CPU:total 4 (initial active 4) (2 cores per cpu, 2 threads per core) family 6 model 42 stepping 7, cmov, cx8, fxsr, mmx, sse, sse2, sse3, ssse3, sse4.1, sse4.2, popcnt, avx, clmul, ht, tsc, tscinvbit

/proc/cpuinfo:
processor	: 0
vendor_id	: GenuineIntel
cpu family	: 6
model		: 42
model name	: Intel(R) Core(TM) i3-2370M CPU @ 2.40GHz
stepping	: 7
microcode	: 0x1b
cpu MHz		: 1161.181
cache size	: 3072 KB
physical id	: 0
siblings	: 4
core id		: 0
cpu cores	: 2
apicid		: 0
initial apicid	: 0
fpu		: yes
fpu_exception	: yes
cpuid level	: 13
wp		: yes
flags		: fpu vme de pse tsc msr pae mce cx8 apic sep mtrr pge mca cmov pat pse36 clflush dts acpi mmx fxsr sse sse2 ss ht tm pbe syscall nx rdtscp lm constant_tsc arch_perfmon pebs bts rep_good nopl xtopology nonstop_tsc aperfmperf eagerfpu pni pclmulqdq dtes64 monitor ds_cpl vmx est tm2 ssse3 cx16 xtpr pdcm pcid sse4_1 sse4_2 x2apic popcnt tsc_deadline_timer xsave avx lahf_lm epb tpr_shadow vnmi flexpriority ept vpid xsaveopt dtherm arat pln pts
bugs		:
bogomips	: 4789.27
clflush size	: 64
cache_alignment	: 64
address sizes	: 36 bits physical, 48 bits virtual
power management:

processor	: 1
vendor_id	: GenuineIntel
cpu family	: 6
model		: 42
model name	: Intel(R) Core(TM) i3-2370M CPU @ 2.40GHz
stepping	: 7
microcode	: 0x1b
cpu MHz		: 1240.722
cache size	: 3072 KB
physical id	: 0
siblings	: 4
core id		: 1
cpu cores	: 2
apicid		: 2
initial apicid	: 2
fpu		: yes
fpu_exception	: yes
cpuid level	: 13
wp		: yes
flags		: fpu vme de pse tsc msr pae mce cx8 apic sep mtrr pge mca cmov pat pse36 clflush dts acpi mmx fxsr sse sse2 ss ht tm pbe syscall nx rdtscp lm constant_tsc arch_perfmon pebs bts rep_good nopl xtopology nonstop_tsc aperfmperf eagerfpu pni pclmulqdq dtes64 monitor ds_cpl vmx est tm2 ssse3 cx16 xtpr pdcm pcid sse4_1 sse4_2 x2apic popcnt tsc_deadline_timer xsave avx lahf_lm epb tpr_shadow vnmi flexpriority ept vpid xsaveopt dtherm arat pln pts
bugs		:
bogomips	: 4789.27
clflush size	: 64
cache_alignment	: 64
address sizes	: 36 bits physical, 48 bits virtual
power management:

processor	: 2
vendor_id	: GenuineIntel
cpu family	: 6
model		: 42
model name	: Intel(R) Core(TM) i3-2370M CPU @ 2.40GHz
stepping	: 7
microcode	: 0x1b
cpu MHz		: 1220.800
cache size	: 3072 KB
physical id	: 0
siblings	: 4
core id		: 0
cpu cores	: 2
apicid		: 1
initial apicid	: 1
fpu		: yes
fpu_exception	: yes
cpuid level	: 13
wp		: yes
flags		: fpu vme de pse tsc msr pae mce cx8 apic sep mtrr pge mca cmov pat pse36 clflush dts acpi mmx fxsr sse sse2 ss ht tm pbe syscall nx rdtscp lm constant_tsc arch_perfmon pebs bts rep_good nopl xtopology nonstop_tsc aperfmperf eagerfpu pni pclmulqdq dtes64 monitor ds_cpl vmx est tm2 ssse3 cx16 xtpr pdcm pcid sse4_1 sse4_2 x2apic popcnt tsc_deadline_timer xsave avx lahf_lm epb tpr_shadow vnmi flexpriority ept vpid xsaveopt dtherm arat pln pts
bugs		:
bogomips	: 4789.27
clflush size	: 64
cache_alignment	: 64
address sizes	: 36 bits physical, 48 bits virtual
power management:

processor	: 3
vendor_id	: GenuineIntel
cpu family	: 6
model		: 42
model name	: Intel(R) Core(TM) i3-2370M CPU @ 2.40GHz
stepping	: 7
microcode	: 0x1b
cpu MHz		: 1220.947
cache size	: 3072 KB
physical id	: 0
siblings	: 4
core id		: 1
cpu cores	: 2
apicid		: 3
initial apicid	: 3
fpu		: yes
fpu_exception	: yes
cpuid level	: 13
wp		: yes
flags		: fpu vme de pse tsc msr pae mce cx8 apic sep mtrr pge mca cmov pat pse36 clflush dts acpi mmx fxsr sse sse2 ss ht tm pbe syscall nx rdtscp lm constant_tsc arch_perfmon pebs bts rep_good nopl xtopology nonstop_tsc aperfmperf eagerfpu pni pclmulqdq dtes64 monitor ds_cpl vmx est tm2 ssse3 cx16 xtpr pdcm pcid sse4_1 sse4_2 x2apic popcnt tsc_deadline_timer xsave avx lahf_lm epb tpr_shadow vnmi flexpriority ept vpid xsaveopt dtherm arat pln pts
bugs		:
bogomips	: 4789.27
clflush size	: 64
cache_alignment	: 64
address sizes	: 36 bits physical, 48 bits virtual
power management:



Memory: 4k page, physical 3951836k(84500k free), swap 4098044k(0k free)

vm_info: Java HotSpot(TM) 64-Bit Server VM (25.151-b12) for linux-amd64 JRE (1.8.0_151-b12), built on Sep  5 2017 19:20:58 by "java_re" with gcc 4.3.0 20080428 (Red Hat 4.3.0-8)

time: Sat Dec 30 18:29:21 2017
elapsed time: 63 seconds (0d 0h 1m 3s)

